{"/home/travis/build/npmtest/node-npmtest-ajv/test.js":{"path":"/home/travis/build/npmtest/node-npmtest-ajv/test.js","s":{"1":2,"2":2,"3":2,"4":2,"5":2,"6":2,"7":2,"8":1,"9":2,"10":2,"11":1,"12":1,"13":1,"14":1,"15":2,"16":2,"17":2,"18":2,"19":1,"20":1,"21":2,"22":2,"23":2,"24":1,"25":1,"26":1,"27":1,"28":1,"29":1,"30":1,"31":1,"32":1,"33":1,"34":1,"35":1,"36":1,"37":1,"38":1,"39":2,"40":2,"41":1,"42":2,"43":2,"44":1,"45":2,"46":2,"47":1,"48":2,"49":2,"50":1,"51":1,"52":1,"53":1,"54":1},"b":{"1":[2,1,1,1],"2":[1,1,1,1],"3":[1,1],"4":[1,1],"5":[1,1],"6":[1,1],"7":[1,1],"8":[1,1],"9":[1,1],"10":[1,1,1],"11":[1,1],"12":[1,1],"13":[1,1],"14":[1,1],"15":[1,1],"16":[1,1],"17":[1,1]},"f":{"1":2,"2":2,"3":2,"4":2,"5":2,"6":1,"7":1,"8":1,"9":2,"10":2,"11":2,"12":2,"13":1},"fnMap":{"1":{"name":"(anonymous_1)","line":12,"loc":{"start":{"line":12,"column":1},"end":{"line":12,"column":13}}},"2":{"name":"(anonymous_2)","line":19,"loc":{"start":{"line":19,"column":5},"end":{"line":19,"column":17}}},"3":{"name":"(anonymous_3)","line":23,"loc":{"start":{"line":23,"column":24},"end":{"line":23,"column":36}}},"4":{"name":"(anonymous_4)","line":61,"loc":{"start":{"line":61,"column":5},"end":{"line":61,"column":17}}},"5":{"name":"(anonymous_5)","line":82,"loc":{"start":{"line":82,"column":5},"end":{"line":82,"column":17}}},"6":{"name":"(anonymous_6)","line":91,"loc":{"start":{"line":91,"column":77},"end":{"line":94,"column":10}}},"7":{"name":"(anonymous_7)","line":112,"loc":{"start":{"line":112,"column":83},"end":{"line":115,"column":10}},"skip":true},"8":{"name":"(anonymous_8)","line":123,"loc":{"start":{"line":123,"column":77},"end":{"line":126,"column":10}},"skip":true},"9":{"name":"(anonymous_9)","line":139,"loc":{"start":{"line":139,"column":12},"end":{"line":139,"column":40}},"skip":true},"10":{"name":"(anonymous_10)","line":147,"loc":{"start":{"line":147,"column":77},"end":{"line":150,"column":10}},"skip":true},"11":{"name":"(anonymous_11)","line":158,"loc":{"start":{"line":158,"column":83},"end":{"line":161,"column":10}},"skip":true},"12":{"name":"(anonymous_12)","line":169,"loc":{"start":{"line":169,"column":79},"end":{"line":172,"column":10}},"skip":true},"13":{"name":"(anonymous_13)","line":180,"loc":{"start":{"line":180,"column":75},"end":{"line":183,"column":10}},"skip":true}},"statementMap":{"1":{"start":{"line":12,"column":0},"end":{"line":195,"column":5}},"2":{"start":{"line":14,"column":4},"end":{"line":14,"column":14}},"3":{"start":{"line":19,"column":4},"end":{"line":56,"column":9}},"4":{"start":{"line":21,"column":8},"end":{"line":21,"column":19}},"5":{"start":{"line":23,"column":8},"end":{"line":35,"column":13}},"6":{"start":{"line":24,"column":12},"end":{"line":34,"column":13}},"7":{"start":{"line":25,"column":16},"end":{"line":28,"column":30}},"8":{"start":{"line":30,"column":16},"end":{"line":33,"column":27}},"9":{"start":{"line":37,"column":8},"end":{"line":39,"column":21}},"10":{"start":{"line":40,"column":8},"end":{"line":53,"column":9}},"11":{"start":{"line":43,"column":12},"end":{"line":46,"column":14}},"12":{"start":{"line":47,"column":12},"end":{"line":47,"column":18}},"13":{"start":{"line":50,"column":12},"end":{"line":51,"column":33}},"14":{"start":{"line":52,"column":12},"end":{"line":52,"column":18}},"15":{"start":{"line":55,"column":8},"end":{"line":55,"column":35}},"16":{"start":{"line":61,"column":4},"end":{"line":63,"column":9}},"17":{"start":{"line":62,"column":8},"end":{"line":62,"column":15}},"18":{"start":{"line":64,"column":4},"end":{"line":77,"column":5}},"19":{"start":{"line":70,"column":8},"end":{"line":70,"column":14}},"20":{"start":{"line":76,"column":8},"end":{"line":76,"column":14}},"21":{"start":{"line":82,"column":4},"end":{"line":84,"column":9}},"22":{"start":{"line":83,"column":8},"end":{"line":83,"column":15}},"23":{"start":{"line":85,"column":4},"end":{"line":194,"column":5}},"24":{"start":{"line":91,"column":8},"end":{"line":99,"column":10}},"25":{"start":{"line":98,"column":12},"end":{"line":98,"column":35}},"26":{"start":{"line":102,"column":8},"end":{"line":104,"column":63}},"27":{"start":{"line":105,"column":8},"end":{"line":105,"column":14}},"28":{"start":{"line":112,"column":8},"end":{"line":121,"column":10},"skip":true},"29":{"start":{"line":119,"column":12},"end":{"line":119,"column":55},"skip":true},"30":{"start":{"line":120,"column":12},"end":{"line":120,"column":48},"skip":true},"31":{"start":{"line":123,"column":8},"end":{"line":136,"column":10},"skip":true},"32":{"start":{"line":130,"column":12},"end":{"line":130,"column":76},"skip":true},"33":{"start":{"line":131,"column":12},"end":{"line":131,"column":73},"skip":true},"34":{"start":{"line":132,"column":12},"end":{"line":132,"column":74},"skip":true},"35":{"start":{"line":133,"column":12},"end":{"line":133,"column":79},"skip":true},"36":{"start":{"line":134,"column":12},"end":{"line":134,"column":25},"skip":true},"37":{"start":{"line":135,"column":12},"end":{"line":135,"column":45},"skip":true},"38":{"start":{"line":138,"column":8},"end":{"line":145,"column":14},"skip":true},"39":{"start":{"line":143,"column":16},"end":{"line":143,"column":29},"skip":true},"40":{"start":{"line":144,"column":16},"end":{"line":144,"column":55},"skip":true},"41":{"start":{"line":147,"column":8},"end":{"line":156,"column":10},"skip":true},"42":{"start":{"line":154,"column":12},"end":{"line":154,"column":25},"skip":true},"43":{"start":{"line":155,"column":12},"end":{"line":155,"column":45},"skip":true},"44":{"start":{"line":158,"column":8},"end":{"line":167,"column":10},"skip":true},"45":{"start":{"line":165,"column":12},"end":{"line":165,"column":25},"skip":true},"46":{"start":{"line":166,"column":12},"end":{"line":166,"column":48},"skip":true},"47":{"start":{"line":169,"column":8},"end":{"line":178,"column":10},"skip":true},"48":{"start":{"line":176,"column":12},"end":{"line":176,"column":25},"skip":true},"49":{"start":{"line":177,"column":12},"end":{"line":177,"column":46},"skip":true},"50":{"start":{"line":180,"column":8},"end":{"line":189,"column":10},"skip":true},"51":{"start":{"line":187,"column":12},"end":{"line":187,"column":94},"skip":true},"52":{"start":{"line":188,"column":12},"end":{"line":188,"column":48},"skip":true},"53":{"start":{"line":192,"column":8},"end":{"line":192,"column":35},"skip":true},"54":{"start":{"line":193,"column":8},"end":{"line":193,"column":14},"skip":true}},"branchMap":{"1":{"line":25,"type":"binary-expr","locations":[{"start":{"line":25,"column":23},"end":{"line":25,"column":62}},{"start":{"line":26,"column":20},"end":{"line":26,"column":70}},{"start":{"line":27,"column":20},"end":{"line":27,"column":71}},{"start":{"line":28,"column":20},"end":{"line":28,"column":29}}]},"2":{"line":30,"type":"binary-expr","locations":[{"start":{"line":30,"column":23},"end":{"line":30,"column":37}},{"start":{"line":31,"column":20},"end":{"line":31,"column":61}},{"start":{"line":32,"column":20},"end":{"line":32,"column":70}},{"start":{"line":33,"column":20},"end":{"line":33,"column":26}}]},"3":{"line":37,"type":"cond-expr","locations":[{"start":{"line":38,"column":14},"end":{"line":38,"column":20}},{"start":{"line":39,"column":14},"end":{"line":39,"column":20}}]},"4":{"line":40,"type":"switch","locations":[{"start":{"line":42,"column":8},"end":{"line":47,"column":18}},{"start":{"line":49,"column":8},"end":{"line":52,"column":18}}]},"5":{"line":44,"type":"binary-expr","locations":[{"start":{"line":44,"column":16},"end":{"line":44,"column":44}},{"start":{"line":44,"column":48},"end":{"line":44,"column":66}}]},"6":{"line":50,"type":"binary-expr","locations":[{"start":{"line":50,"column":21},"end":{"line":50,"column":49}},{"start":{"line":50,"column":53},"end":{"line":50,"column":72}}]},"7":{"line":64,"type":"switch","locations":[{"start":{"line":69,"column":4},"end":{"line":70,"column":14}},{"start":{"line":75,"column":4},"end":{"line":76,"column":14}}]},"8":{"line":85,"type":"switch","locations":[{"start":{"line":90,"column":4},"end":{"line":105,"column":14}},{"start":{"line":111,"column":4},"end":{"line":193,"column":14},"skip":true}]},"9":{"line":91,"type":"binary-expr","locations":[{"start":{"line":91,"column":42},"end":{"line":91,"column":73}},{"start":{"line":91,"column":77},"end":{"line":99,"column":9}}]},"10":{"line":102,"type":"binary-expr","locations":[{"start":{"line":102,"column":18},"end":{"line":102,"column":32}},{"start":{"line":103,"column":12},"end":{"line":103,"column":53}},{"start":{"line":104,"column":12},"end":{"line":104,"column":61}}]},"11":{"line":112,"type":"binary-expr","locations":[{"start":{"line":112,"column":45},"end":{"line":112,"column":79},"skip":true},{"start":{"line":112,"column":83},"end":{"line":121,"column":9},"skip":true}]},"12":{"line":123,"type":"binary-expr","locations":[{"start":{"line":123,"column":42},"end":{"line":123,"column":73},"skip":true},{"start":{"line":123,"column":77},"end":{"line":136,"column":9},"skip":true}]},"13":{"line":138,"type":"binary-expr","locations":[{"start":{"line":138,"column":48},"end":{"line":138,"column":85},"skip":true},{"start":{"line":139,"column":12},"end":{"line":145,"column":13},"skip":true}]},"14":{"line":147,"type":"binary-expr","locations":[{"start":{"line":147,"column":42},"end":{"line":147,"column":73},"skip":true},{"start":{"line":147,"column":77},"end":{"line":156,"column":9},"skip":true}]},"15":{"line":158,"type":"binary-expr","locations":[{"start":{"line":158,"column":45},"end":{"line":158,"column":79},"skip":true},{"start":{"line":158,"column":83},"end":{"line":167,"column":9},"skip":true}]},"16":{"line":169,"type":"binary-expr","locations":[{"start":{"line":169,"column":43},"end":{"line":169,"column":75},"skip":true},{"start":{"line":169,"column":79},"end":{"line":178,"column":9},"skip":true}]},"17":{"line":180,"type":"binary-expr","locations":[{"start":{"line":180,"column":41},"end":{"line":180,"column":71},"skip":true},{"start":{"line":180,"column":75},"end":{"line":189,"column":9},"skip":true}]}},"code":["/* istanbul instrument in package npmtest_ajv */","/*jslint","    bitwise: true,","    browser: true,","    maxerr: 8,","    maxlen: 96,","    node: true,","    nomen: true,","    regexp: true,","    stupid: true","*/","(function () {","    'use strict';","    var local;","","","","    // run shared js-env code - init-before","    (function () {","        // init local","        local = {};","        // init modeJs","        local.modeJs = (function () {","            try {","                return typeof navigator.userAgent === 'string' &&","                    typeof document.querySelector('body') === 'object' &&","                    typeof XMLHttpRequest.prototype.open === 'function' &&","                    'browser';","            } catch (errorCaughtBrowser) {","                return module.exports &&","                    typeof process.versions.node === 'string' &&","                    typeof require('http').createServer === 'function' &&","                    'node';","            }","        }());","        // init global","        local.global = local.modeJs === 'browser'","            ? window","            : global;","        switch (local.modeJs) {","        // re-init local from window.local","        case 'browser':","            local = local.global.utility2.objectSetDefault(","                local.global.utility2_rollup || local.global.local,","                local.global.utility2","            );","            break;","        // re-init local from example.js","        case 'node':","            local = (local.global.utility2_rollup || require('utility2'))","                .requireReadme();","            break;","        }","        // export local","        local.global.local = local;","    }());","","","","    // run shared js-env code - function","    (function () {","        return;","    }());","    switch (local.modeJs) {","","","","    // run browser js-env code - function","    case 'browser':","        break;","","","","    // run node js-env code - function","    case 'node':","        break;","    }","","","","    // run shared js-env code - init-after","    (function () {","        return;","    }());","    switch (local.modeJs) {","","","","    // run browser js-env code - init-after","    case 'browser':","        local.testCase_browser_nullCase = local.testCase_browser_nullCase || function (","            options,","            onError","        ) {","        /*","         * this function will test browsers's null-case handling-behavior-behavior","         */","            onError(null, options);","        };","","        // run tests","        local.nop(local.modeTest &&","            document.querySelector('#testRunButton1') &&","            document.querySelector('#testRunButton1').click());","        break;","","","","    // run node js-env code - init-after","    /* istanbul ignore next */","    case 'node':","        local.testCase_buildApidoc_default = local.testCase_buildApidoc_default || function (","            options,","            onError","        ) {","        /*","         * this function will test buildApidoc's default handling-behavior-behavior","         */","            options = { modulePathList: module.paths };","            local.buildApidoc(options, onError);","        };","","        local.testCase_buildApp_default = local.testCase_buildApp_default || function (","            options,","            onError","        ) {","        /*","         * this function will test buildApp's default handling-behavior-behavior","         */","            local.testCase_buildReadme_default(options, local.onErrorThrow);","            local.testCase_buildLib_default(options, local.onErrorThrow);","            local.testCase_buildTest_default(options, local.onErrorThrow);","            local.testCase_buildCustomOrg_default(options, local.onErrorThrow);","            options = [];","            local.buildApp(options, onError);","        };","","        local.testCase_buildCustomOrg_default = local.testCase_buildCustomOrg_default ||","            function (options, onError) {","            /*","             * this function will test buildCustomOrg's default handling-behavior","             */","                options = {};","                local.buildCustomOrg(options, onError);","            };","","        local.testCase_buildLib_default = local.testCase_buildLib_default || function (","            options,","            onError","        ) {","        /*","         * this function will test buildLib's default handling-behavior","         */","            options = {};","            local.buildLib(options, onError);","        };","","        local.testCase_buildReadme_default = local.testCase_buildReadme_default || function (","            options,","            onError","        ) {","        /*","         * this function will test buildReadme's default handling-behavior-behavior","         */","            options = {};","            local.buildReadme(options, onError);","        };","","        local.testCase_buildTest_default = local.testCase_buildTest_default || function (","            options,","            onError","        ) {","        /*","         * this function will test buildTest's default handling-behavior","         */","            options = {};","            local.buildTest(options, onError);","        };","","        local.testCase_webpage_default = local.testCase_webpage_default || function (","            options,","            onError","        ) {","        /*","         * this function will test webpage's default handling-behavior","         */","            options = { modeCoverageMerge: true, url: local.serverLocalHost + '?modeTest=1' };","            local.browserTest(options, onError);","        };","","        // run test-server","        local.testRunServer(local);","        break;","    }","}());",""],"l":{"12":2,"14":2,"19":2,"21":2,"23":2,"24":2,"25":2,"30":1,"37":2,"40":2,"43":1,"47":1,"50":1,"52":1,"55":2,"61":2,"62":2,"64":2,"70":1,"76":1,"82":2,"83":2,"85":2,"91":1,"98":1,"102":1,"105":1,"112":1,"119":1,"120":1,"123":1,"130":1,"131":1,"132":1,"133":1,"134":1,"135":1,"138":1,"143":2,"144":2,"147":1,"154":2,"155":2,"158":1,"165":2,"166":2,"169":1,"176":2,"177":2,"180":1,"187":1,"188":1,"192":1,"193":1}},"/home/travis/build/npmtest/node-npmtest-ajv/lib.npmtest_ajv.js":{"path":"/home/travis/build/npmtest/node-npmtest-ajv/lib.npmtest_ajv.js","s":{"1":2,"2":2,"3":2,"4":2,"5":2,"6":2,"7":2,"8":1,"9":2,"10":2,"11":2,"12":2,"13":1,"14":1,"15":1,"16":1},"b":{"1":[2,1,1,1],"2":[1,1,1,1],"3":[1,1],"4":[2,2],"5":[1,1]},"f":{"1":2,"2":2,"3":2},"fnMap":{"1":{"name":"(anonymous_1)","line":12,"loc":{"start":{"line":12,"column":1},"end":{"line":12,"column":13}}},"2":{"name":"(anonymous_2)","line":19,"loc":{"start":{"line":19,"column":5},"end":{"line":19,"column":17}}},"3":{"name":"(anonymous_3)","line":23,"loc":{"start":{"line":23,"column":24},"end":{"line":23,"column":36}}}},"statementMap":{"1":{"start":{"line":12,"column":0},"end":{"line":53,"column":5}},"2":{"start":{"line":14,"column":4},"end":{"line":14,"column":14}},"3":{"start":{"line":19,"column":4},"end":{"line":52,"column":9}},"4":{"start":{"line":21,"column":8},"end":{"line":21,"column":19}},"5":{"start":{"line":23,"column":8},"end":{"line":35,"column":13}},"6":{"start":{"line":24,"column":12},"end":{"line":34,"column":13}},"7":{"start":{"line":25,"column":16},"end":{"line":28,"column":30}},"8":{"start":{"line":30,"column":16},"end":{"line":33,"column":27}},"9":{"start":{"line":37,"column":8},"end":{"line":39,"column":21}},"10":{"start":{"line":41,"column":8},"end":{"line":41,"column":54}},"11":{"start":{"line":43,"column":8},"end":{"line":43,"column":48}},"12":{"start":{"line":45,"column":8},"end":{"line":51,"column":9}},"13":{"start":{"line":46,"column":12},"end":{"line":46,"column":54}},"14":{"start":{"line":48,"column":12},"end":{"line":48,"column":35}},"15":{"start":{"line":49,"column":12},"end":{"line":49,"column":49}},"16":{"start":{"line":50,"column":12},"end":{"line":50,"column":43}}},"branchMap":{"1":{"line":25,"type":"binary-expr","locations":[{"start":{"line":25,"column":23},"end":{"line":25,"column":62}},{"start":{"line":26,"column":20},"end":{"line":26,"column":70}},{"start":{"line":27,"column":20},"end":{"line":27,"column":71}},{"start":{"line":28,"column":20},"end":{"line":28,"column":29}}]},"2":{"line":30,"type":"binary-expr","locations":[{"start":{"line":30,"column":23},"end":{"line":30,"column":37}},{"start":{"line":31,"column":20},"end":{"line":31,"column":61}},{"start":{"line":32,"column":20},"end":{"line":32,"column":70}},{"start":{"line":33,"column":20},"end":{"line":33,"column":26}}]},"3":{"line":37,"type":"cond-expr","locations":[{"start":{"line":38,"column":14},"end":{"line":38,"column":20}},{"start":{"line":39,"column":14},"end":{"line":39,"column":20}}]},"4":{"line":41,"type":"binary-expr","locations":[{"start":{"line":41,"column":16},"end":{"line":41,"column":44}},{"start":{"line":41,"column":48},"end":{"line":41,"column":53}}]},"5":{"line":45,"type":"if","locations":[{"start":{"line":45,"column":8},"end":{"line":45,"column":8}},{"start":{"line":45,"column":8},"end":{"line":45,"column":8}}]}},"code":["/* istanbul instrument in package npmtest_ajv */","/*jslint","    bitwise: true,","    browser: true,","    maxerr: 8,","    maxlen: 96,","    node: true,","    nomen: true,","    regexp: true,","    stupid: true","*/","(function () {","    'use strict';","    var local;","","","","    // run shared js-env code - init-before","    (function () {","        // init local","        local = {};","        // init modeJs","        local.modeJs = (function () {","            try {","                return typeof navigator.userAgent === 'string' &&","                    typeof document.querySelector('body') === 'object' &&","                    typeof XMLHttpRequest.prototype.open === 'function' &&","                    'browser';","            } catch (errorCaughtBrowser) {","                return module.exports &&","                    typeof process.versions.node === 'string' &&","                    typeof require('http').createServer === 'function' &&","                    'node';","            }","        }());","        // init global","        local.global = local.modeJs === 'browser'","            ? window","            : global;","        // init utility2_rollup","        local = local.global.utility2_rollup || local;","        // init lib","        local.local = local.npmtest_ajv = local;","        // init exports","        if (local.modeJs === 'browser') {","            local.global.utility2_npmtest_ajv = local;","        } else {","            module.exports = local;","            module.exports.__dirname = __dirname;","            module.exports.module = module;","        }","    }());","}());",""],"l":{"12":2,"14":2,"19":2,"21":2,"23":2,"24":2,"25":2,"30":1,"37":2,"41":2,"43":2,"45":2,"46":1,"48":1,"49":1,"50":1}},"/home/travis/build/npmtest/node-npmtest-ajv/example.js":{"path":"/home/travis/build/npmtest/node-npmtest-ajv/example.js","s":{"1":2,"2":2,"3":2,"4":2,"5":2,"6":2,"7":2,"8":1,"9":2,"10":2,"11":2,"12":2,"13":1,"14":2,"15":2,"16":2,"17":2,"18":2,"19":0,"20":2,"21":1,"22":1,"23":1,"24":1,"25":1,"26":0,"27":0,"28":1,"29":1,"30":2,"31":0,"32":0,"33":0,"34":1,"35":2,"36":2,"37":3,"38":3,"39":3,"40":3,"41":0,"42":3,"43":3,"44":3,"45":1,"46":3,"47":1,"48":1,"49":1,"50":1,"51":1,"52":1,"53":1,"54":1,"55":1,"56":1,"57":0,"58":1,"59":6,"60":6,"61":1,"62":2,"63":0,"64":2,"65":1,"66":1,"67":0,"68":0,"69":0,"70":0,"71":0,"72":0,"73":0,"74":0,"75":0,"76":0,"77":0,"78":0,"79":0,"80":0,"81":0,"82":0,"83":0},"b":{"1":[2,1,1,1],"2":[1,1,1,1],"3":[1,1],"4":[2,2],"5":[1,1],"6":[1,1],"7":[2,0],"8":[2,1,1,1,1,1],"9":[0,2,0],"10":[1,1],"11":[2,1,1],"12":[1,0],"13":[0,2],"14":[2,0,0,0,0,0,0],"15":[0,3],"16":[3,0],"17":[1,1],"18":[0,1],"19":[1,2,0,2],"20":[1,0],"21":[1,1],"22":[0,0],"23":[0,0],"24":[0,0],"25":[0,0],"26":[0,0],"27":[0,0],"28":[0,0]},"f":{"1":2,"2":2,"3":2,"4":2,"5":2,"6":2,"7":3,"8":3,"9":3,"10":1,"11":6,"12":0},"fnMap":{"1":{"name":"(anonymous_1)","line":26,"loc":{"start":{"line":26,"column":1},"end":{"line":26,"column":13}}},"2":{"name":"(anonymous_2)","line":33,"loc":{"start":{"line":33,"column":5},"end":{"line":33,"column":17}}},"3":{"name":"(anonymous_3)","line":37,"loc":{"start":{"line":37,"column":24},"end":{"line":37,"column":36}}},"4":{"name":"(anonymous_4)","line":69,"loc":{"start":{"line":69,"column":31},"end":{"line":69,"column":48}},"skip":true},"5":{"name":"(anonymous_5)","line":78,"loc":{"start":{"line":78,"column":26},"end":{"line":78,"column":45}},"skip":true},"6":{"name":"(anonymous_6)","line":123,"loc":{"start":{"line":123,"column":33},"end":{"line":123,"column":48}},"skip":true},"7":{"name":"(anonymous_7)","line":125,"loc":{"start":{"line":125,"column":27},"end":{"line":125,"column":39}},"skip":true},"8":{"name":"(anonymous_8)","line":133,"loc":{"start":{"line":133,"column":59},"end":{"line":133,"column":74}},"skip":true},"9":{"name":"(anonymous_9)","line":143,"loc":{"start":{"line":143,"column":45},"end":{"line":143,"column":62}},"skip":true},"10":{"name":"(anonymous_10)","line":144,"loc":{"start":{"line":144,"column":73},"end":{"line":144,"column":92}},"skip":true},"11":{"name":"(anonymous_11)","line":272,"loc":{"start":{"line":272,"column":51},"end":{"line":272,"column":77}},"skip":true},"12":{"name":"(anonymous_12)","line":315,"loc":{"start":{"line":315,"column":32},"end":{"line":315,"column":61}},"skip":true}},"statementMap":{"1":{"start":{"line":26,"column":0},"end":{"line":326,"column":5}},"2":{"start":{"line":28,"column":4},"end":{"line":28,"column":14}},"3":{"start":{"line":33,"column":4},"end":{"line":60,"column":9}},"4":{"start":{"line":35,"column":8},"end":{"line":35,"column":19}},"5":{"start":{"line":37,"column":8},"end":{"line":49,"column":13}},"6":{"start":{"line":38,"column":12},"end":{"line":48,"column":13}},"7":{"start":{"line":39,"column":16},"end":{"line":42,"column":30}},"8":{"start":{"line":44,"column":16},"end":{"line":47,"column":27}},"9":{"start":{"line":51,"column":8},"end":{"line":53,"column":21}},"10":{"start":{"line":55,"column":8},"end":{"line":57,"column":45}},"11":{"start":{"line":59,"column":8},"end":{"line":59,"column":35}},"12":{"start":{"line":61,"column":4},"end":{"line":325,"column":5}},"13":{"start":{"line":69,"column":8},"end":{"line":121,"column":10},"skip":true},"14":{"start":{"line":70,"column":12},"end":{"line":88,"column":13},"skip":true},"15":{"start":{"line":76,"column":16},"end":{"line":87,"column":19},"skip":true},"16":{"start":{"line":79,"column":20},"end":{"line":86,"column":21},"skip":true},"17":{"start":{"line":82,"column":24},"end":{"line":82,"column":43},"skip":true},"18":{"start":{"line":83,"column":24},"end":{"line":83,"column":30},"skip":true},"19":{"start":{"line":85,"column":24},"end":{"line":85,"column":49},"skip":true},"20":{"start":{"line":89,"column":12},"end":{"line":107,"column":13},"skip":true},"21":{"start":{"line":92,"column":16},"end":{"line":102,"column":17},"skip":true},"22":{"start":{"line":93,"column":20},"end":{"line":93,"column":86},"skip":true},"23":{"start":{"line":94,"column":20},"end":{"line":95,"column":45},"skip":true},"24":{"start":{"line":96,"column":20},"end":{"line":96,"column":42},"skip":true},"25":{"start":{"line":97,"column":20},"end":{"line":97,"column":48},"skip":true},"26":{"start":{"line":100,"column":20},"end":{"line":100,"column":85},"skip":true},"27":{"start":{"line":101,"column":20},"end":{"line":101,"column":96},"skip":true},"28":{"start":{"line":103,"column":16},"end":{"line":103,"column":22},"skip":true},"29":{"start":{"line":106,"column":16},"end":{"line":106,"column":22},"skip":true},"30":{"start":{"line":108,"column":12},"end":{"line":120,"column":13},"skip":true},"31":{"start":{"line":114,"column":16},"end":{"line":119,"column":17},"skip":true},"32":{"start":{"line":116,"column":20},"end":{"line":116,"column":78},"skip":true},"33":{"start":{"line":118,"column":20},"end":{"line":118,"column":47},"skip":true},"34":{"start":{"line":123,"column":8},"end":{"line":141,"column":11},"skip":true},"35":{"start":{"line":124,"column":12},"end":{"line":124,"column":54},"skip":true},"36":{"start":{"line":125,"column":12},"end":{"line":140,"column":14},"skip":true},"37":{"start":{"line":126,"column":16},"end":{"line":126,"column":28},"skip":true},"38":{"start":{"line":127,"column":16},"end":{"line":127,"column":69},"skip":true},"39":{"start":{"line":128,"column":16},"end":{"line":128,"column":75},"skip":true},"40":{"start":{"line":129,"column":16},"end":{"line":131,"column":17},"skip":true},"41":{"start":{"line":130,"column":20},"end":{"line":130,"column":27},"skip":true},"42":{"start":{"line":133,"column":16},"end":{"line":137,"column":36},"skip":true},"43":{"start":{"line":134,"column":20},"end":{"line":136,"column":55},"skip":true},"44":{"start":{"line":139,"column":16},"end":{"line":139,"column":57},"skip":true},"45":{"start":{"line":143,"column":8},"end":{"line":147,"column":11},"skip":true},"46":{"start":{"line":144,"column":12},"end":{"line":146,"column":15},"skip":true},"47":{"start":{"line":145,"column":16},"end":{"line":145,"column":70},"skip":true},"48":{"start":{"line":149,"column":8},"end":{"line":149,"column":31},"skip":true},"49":{"start":{"line":150,"column":8},"end":{"line":150,"column":14},"skip":true},"50":{"start":{"line":158,"column":8},"end":{"line":158,"column":31},"skip":true},"51":{"start":{"line":160,"column":8},"end":{"line":160,"column":33},"skip":true},"52":{"start":{"line":161,"column":8},"end":{"line":161,"column":37},"skip":true},"53":{"start":{"line":162,"column":8},"end":{"line":162,"column":35},"skip":true},"54":{"start":{"line":164,"column":8},"end":{"line":164,"column":50},"skip":true},"55":{"start":{"line":166,"column":8},"end":{"line":256,"column":2},"skip":true},"56":{"start":{"line":258,"column":8},"end":{"line":286,"column":9},"skip":true},"57":{"start":{"line":259,"column":12},"end":{"line":269,"column":14},"skip":true},"58":{"start":{"line":271,"column":12},"end":{"line":285,"column":19},"skip":true},"59":{"start":{"line":274,"column":20},"end":{"line":274,"column":35},"skip":true},"60":{"start":{"line":275,"column":20},"end":{"line":284,"column":21},"skip":true},"61":{"start":{"line":277,"column":24},"end":{"line":277,"column":64},"skip":true},"62":{"start":{"line":279,"column":24},"end":{"line":279,"column":40},"skip":true},"63":{"start":{"line":281,"column":24},"end":{"line":281,"column":40},"skip":true},"64":{"start":{"line":283,"column":24},"end":{"line":283,"column":39},"skip":true},"65":{"start":{"line":288,"column":8},"end":{"line":290,"column":9},"skip":true},"66":{"start":{"line":289,"column":12},"end":{"line":289,"column":18},"skip":true},"67":{"start":{"line":291,"column":8},"end":{"line":293,"column":54},"skip":true},"68":{"start":{"line":296,"column":8},"end":{"line":301,"column":37},"skip":true},"69":{"start":{"line":303,"column":8},"end":{"line":303,"column":82},"skip":true},"70":{"start":{"line":306,"column":8},"end":{"line":308,"column":9},"skip":true},"71":{"start":{"line":307,"column":12},"end":{"line":307,"column":82},"skip":true},"72":{"start":{"line":310,"column":8},"end":{"line":312,"column":9},"skip":true},"73":{"start":{"line":311,"column":12},"end":{"line":311,"column":18},"skip":true},"74":{"start":{"line":313,"column":8},"end":{"line":313,"column":54},"skip":true},"75":{"start":{"line":314,"column":8},"end":{"line":314,"column":69},"skip":true},"76":{"start":{"line":315,"column":8},"end":{"line":323,"column":36},"skip":true},"77":{"start":{"line":316,"column":12},"end":{"line":316,"column":61},"skip":true},"78":{"start":{"line":317,"column":12},"end":{"line":320,"column":13},"skip":true},"79":{"start":{"line":318,"column":16},"end":{"line":318,"column":75},"skip":true},"80":{"start":{"line":319,"column":16},"end":{"line":319,"column":23},"skip":true},"81":{"start":{"line":321,"column":12},"end":{"line":321,"column":38},"skip":true},"82":{"start":{"line":322,"column":12},"end":{"line":322,"column":27},"skip":true},"83":{"start":{"line":324,"column":8},"end":{"line":324,"column":14},"skip":true}},"branchMap":{"1":{"line":39,"type":"binary-expr","locations":[{"start":{"line":39,"column":23},"end":{"line":39,"column":62}},{"start":{"line":40,"column":20},"end":{"line":40,"column":70}},{"start":{"line":41,"column":20},"end":{"line":41,"column":71}},{"start":{"line":42,"column":20},"end":{"line":42,"column":29}}]},"2":{"line":44,"type":"binary-expr","locations":[{"start":{"line":44,"column":23},"end":{"line":44,"column":37}},{"start":{"line":45,"column":20},"end":{"line":45,"column":61}},{"start":{"line":46,"column":20},"end":{"line":46,"column":70}},{"start":{"line":47,"column":20},"end":{"line":47,"column":26}}]},"3":{"line":51,"type":"cond-expr","locations":[{"start":{"line":52,"column":14},"end":{"line":52,"column":20}},{"start":{"line":53,"column":14},"end":{"line":53,"column":20}}]},"4":{"line":55,"type":"binary-expr","locations":[{"start":{"line":55,"column":16},"end":{"line":55,"column":44}},{"start":{"line":55,"column":49},"end":{"line":57,"column":43}}]},"5":{"line":55,"type":"cond-expr","locations":[{"start":{"line":56,"column":14},"end":{"line":56,"column":47}},{"start":{"line":57,"column":14},"end":{"line":57,"column":43}}]},"6":{"line":61,"type":"switch","locations":[{"start":{"line":68,"column":4},"end":{"line":150,"column":14},"skip":true},{"start":{"line":156,"column":4},"end":{"line":324,"column":14},"skip":true}]},"7":{"line":70,"type":"if","locations":[{"start":{"line":70,"column":12},"end":{"line":70,"column":12},"skip":true},{"start":{"line":70,"column":12},"end":{"line":70,"column":12},"skip":true}]},"8":{"line":70,"type":"binary-expr","locations":[{"start":{"line":70,"column":16},"end":{"line":70,"column":22},"skip":true},{"start":{"line":70,"column":27},"end":{"line":70,"column":32},"skip":true},{"start":{"line":71,"column":20},"end":{"line":71,"column":39},"skip":true},{"start":{"line":72,"column":20},"end":{"line":72,"column":49},"skip":true},{"start":{"line":73,"column":20},"end":{"line":73,"column":58},"skip":true},{"start":{"line":74,"column":20},"end":{"line":74,"column":69},"skip":true}]},"9":{"line":79,"type":"switch","locations":[{"start":{"line":80,"column":20},"end":{"line":80,"column":33},"skip":true},{"start":{"line":81,"column":20},"end":{"line":83,"column":30},"skip":true},{"start":{"line":84,"column":20},"end":{"line":85,"column":49},"skip":true}]},"10":{"line":89,"type":"switch","locations":[{"start":{"line":90,"column":12},"end":{"line":103,"column":22},"skip":true},{"start":{"line":105,"column":12},"end":{"line":106,"column":22},"skip":true}]},"11":{"line":89,"type":"binary-expr","locations":[{"start":{"line":89,"column":20},"end":{"line":89,"column":25},"skip":true},{"start":{"line":89,"column":29},"end":{"line":89,"column":48},"skip":true},{"start":{"line":89,"column":52},"end":{"line":89,"column":74},"skip":true}]},"12":{"line":92,"type":"if","locations":[{"start":{"line":92,"column":16},"end":{"line":92,"column":16},"skip":true},{"start":{"line":92,"column":16},"end":{"line":92,"column":16},"skip":true}]},"13":{"line":108,"type":"if","locations":[{"start":{"line":108,"column":12},"end":{"line":108,"column":12},"skip":true},{"start":{"line":108,"column":12},"end":{"line":108,"column":12},"skip":true}]},"14":{"line":108,"type":"binary-expr","locations":[{"start":{"line":108,"column":16},"end":{"line":108,"column":61},"skip":true},{"start":{"line":108,"column":66},"end":{"line":108,"column":72},"skip":true},{"start":{"line":108,"column":77},"end":{"line":108,"column":82},"skip":true},{"start":{"line":109,"column":20},"end":{"line":109,"column":39},"skip":true},{"start":{"line":110,"column":20},"end":{"line":110,"column":49},"skip":true},{"start":{"line":111,"column":20},"end":{"line":111,"column":58},"skip":true},{"start":{"line":112,"column":20},"end":{"line":112,"column":68},"skip":true}]},"15":{"line":129,"type":"if","locations":[{"start":{"line":129,"column":16},"end":{"line":129,"column":16},"skip":true},{"start":{"line":129,"column":16},"end":{"line":129,"column":16},"skip":true}]},"16":{"line":134,"type":"cond-expr","locations":[{"start":{"line":135,"column":26},"end":{"line":135,"column":29},"skip":true},{"start":{"line":136,"column":26},"end":{"line":136,"column":54},"skip":true}]},"17":{"line":164,"type":"binary-expr","locations":[{"start":{"line":164,"column":27},"end":{"line":164,"column":43},"skip":true},{"start":{"line":164,"column":47},"end":{"line":164,"column":49},"skip":true}]},"18":{"line":258,"type":"if","locations":[{"start":{"line":258,"column":8},"end":{"line":258,"column":8},"skip":true},{"start":{"line":258,"column":8},"end":{"line":258,"column":8},"skip":true}]},"19":{"line":275,"type":"switch","locations":[{"start":{"line":276,"column":20},"end":{"line":277,"column":64},"skip":true},{"start":{"line":278,"column":20},"end":{"line":279,"column":40},"skip":true},{"start":{"line":280,"column":20},"end":{"line":281,"column":40},"skip":true},{"start":{"line":282,"column":20},"end":{"line":283,"column":39},"skip":true}]},"20":{"line":288,"type":"if","locations":[{"start":{"line":288,"column":8},"end":{"line":288,"column":8},"skip":true},{"start":{"line":288,"column":8},"end":{"line":288,"column":8},"skip":true}]},"21":{"line":288,"type":"binary-expr","locations":[{"start":{"line":288,"column":12},"end":{"line":288,"column":40},"skip":true},{"start":{"line":288,"column":44},"end":{"line":288,"column":67},"skip":true}]},"22":{"line":292,"type":"binary-expr","locations":[{"start":{"line":292,"column":12},"end":{"line":292,"column":50},"skip":true},{"start":{"line":293,"column":12},"end":{"line":293,"column":53},"skip":true}]},"23":{"line":297,"type":"binary-expr","locations":[{"start":{"line":297,"column":12},"end":{"line":297,"column":61},"skip":true},{"start":{"line":298,"column":12},"end":{"line":301,"column":36},"skip":true}]},"24":{"line":303,"type":"binary-expr","locations":[{"start":{"line":303,"column":43},"end":{"line":303,"column":75},"skip":true},{"start":{"line":303,"column":79},"end":{"line":303,"column":81},"skip":true}]},"25":{"line":306,"type":"if","locations":[{"start":{"line":306,"column":8},"end":{"line":306,"column":8},"skip":true},{"start":{"line":306,"column":8},"end":{"line":306,"column":8},"skip":true}]},"26":{"line":310,"type":"if","locations":[{"start":{"line":310,"column":8},"end":{"line":310,"column":8},"skip":true},{"start":{"line":310,"column":8},"end":{"line":310,"column":8},"skip":true}]},"27":{"line":313,"type":"binary-expr","locations":[{"start":{"line":313,"column":27},"end":{"line":313,"column":43},"skip":true},{"start":{"line":313,"column":47},"end":{"line":313,"column":53},"skip":true}]},"28":{"line":317,"type":"if","locations":[{"start":{"line":317,"column":12},"end":{"line":317,"column":12},"skip":true},{"start":{"line":317,"column":12},"end":{"line":317,"column":12},"skip":true}]}},"code":["/*","example.js","","quickstart example","","instruction","    1. save this script as example.js","    2. run the shell command:","        $ npm install npmtest-ajv && PORT=8081 node example.js","    3. play with the browser-demo on http://127.0.0.1:8081","*/","","","","/* istanbul instrument in package npmtest_ajv */","/*jslint","    bitwise: true,","    browser: true,","    maxerr: 8,","    maxlen: 96,","    node: true,","    nomen: true,","    regexp: true,","    stupid: true","*/","(function () {","    'use strict';","    var local;","","","","    // run shared js-env code - init-before","    (function () {","        // init local","        local = {};","        // init modeJs","        local.modeJs = (function () {","            try {","                return typeof navigator.userAgent === 'string' &&","                    typeof document.querySelector('body') === 'object' &&","                    typeof XMLHttpRequest.prototype.open === 'function' &&","                    'browser';","            } catch (errorCaughtBrowser) {","                return module.exports &&","                    typeof process.versions.node === 'string' &&","                    typeof require('http').createServer === 'function' &&","                    'node';","            }","        }());","        // init global","        local.global = local.modeJs === 'browser'","            ? window","            : global;","        // init utility2_rollup","        local = local.global.utility2_rollup || (local.modeJs === 'browser'","            ? local.global.utility2_npmtest_ajv","            : global.utility2_moduleExports);","        // export local","        local.global.local = local;","    }());","    switch (local.modeJs) {","","","","    // init-after","    // run browser js-env code - init-after","    /* istanbul ignore next */","    case 'browser':","        local.testRunBrowser = function (event) {","            if (!event || (event &&","                    event.currentTarget &&","                    event.currentTarget.className &&","                    event.currentTarget.className.includes &&","                    event.currentTarget.className.includes('onreset'))) {","                // reset output","                Array.from(","                    document.querySelectorAll('body > .resettable')","                ).forEach(function (element) {","                    switch (element.tagName) {","                    case 'INPUT':","                    case 'TEXTAREA':","                        element.value = '';","                        break;","                    default:","                        element.textContent = '';","                    }","                });","            }","            switch (event && event.currentTarget && event.currentTarget.id) {","            case 'testRunButton1':","                // show tests","                if (document.querySelector('#testReportDiv1').style.display === 'none') {","                    document.querySelector('#testReportDiv1').style.display = 'block';","                    document.querySelector('#testRunButton1').textContent =","                        'hide internal test';","                    local.modeTest = true;","                    local.testRunDefault(local);","                // hide tests","                } else {","                    document.querySelector('#testReportDiv1').style.display = 'none';","                    document.querySelector('#testRunButton1').textContent = 'run internal test';","                }","                break;","            // custom-case","            default:","                break;","            }","            if (document.querySelector('#inputTextareaEval1') && (!event || (event &&","                    event.currentTarget &&","                    event.currentTarget.className &&","                    event.currentTarget.className.includes &&","                    event.currentTarget.className.includes('oneval')))) {","                // try to eval input-code","                try {","                    /*jslint evil: true*/","                    eval(document.querySelector('#inputTextareaEval1').value);","                } catch (errorCaught) {","                    console.error(errorCaught);","                }","            }","        };","        // log stderr and stdout to #outputTextareaStdout1","        ['error', 'log'].forEach(function (key) {","            console[key + '_original'] = console[key];","            console[key] = function () {","                var element;","                console[key + '_original'].apply(console, arguments);","                element = document.querySelector('#outputTextareaStdout1');","                if (!element) {","                    return;","                }","                // append text to #outputTextareaStdout1","                element.value += Array.from(arguments).map(function (arg) {","                    return typeof arg === 'string'","                        ? arg","                        : JSON.stringify(arg, null, 4);","                }).join(' ') + '\\n';","                // scroll textarea to bottom","                element.scrollTop = element.scrollHeight;","            };","        });","        // init event-handling","        ['change', 'click', 'keyup'].forEach(function (event) {","            Array.from(document.querySelectorAll('.on' + event)).forEach(function (element) {","                element.addEventListener(event, local.testRunBrowser);","            });","        });","        // run tests","        local.testRunBrowser();","        break;","","","","    // run node js-env code - init-after","    /* istanbul ignore next */","    case 'node':","        // export local","        module.exports = local;","        // require modules","        local.fs = require('fs');","        local.http = require('http');","        local.url = require('url');","        // init assets","        local.assetsDict = local.assetsDict || {};","        /* jslint-ignore-begin */","        local.assetsDict['/assets.index.template.html'] = '\\","<!doctype html>\\n\\","<html lang=\"en\">\\n\\","<head>\\n\\","<meta charset=\"UTF-8\">\\n\\","<meta name=\"viewport\" content=\"width=device-width, initial-scale=1\">\\n\\","<title>{{env.npm_package_name}} (v{{env.npm_package_version}})</title>\\n\\","<style>\\n\\","/*csslint\\n\\","    box-sizing: false,\\n\\","    universal-selector: false\\n\\","*/\\n\\","* {\\n\\","    box-sizing: border-box;\\n\\","}\\n\\","body {\\n\\","    background: #dde;\\n\\","    font-family: Arial, Helvetica, sans-serif;\\n\\","    margin: 2rem;\\n\\","}\\n\\","body > * {\\n\\","    margin-bottom: 1rem;\\n\\","}\\n\\",".utility2FooterDiv {\\n\\","    margin-top: 20px;\\n\\","    text-align: center;\\n\\","}\\n\\","</style>\\n\\","<style>\\n\\","/*csslint\\n\\","*/\\n\\","textarea {\\n\\","    font-family: monospace;\\n\\","    height: 10rem;\\n\\","    width: 100%;\\n\\","}\\n\\","textarea[readonly] {\\n\\","    background: #ddd;\\n\\","}\\n\\","</style>\\n\\","</head>\\n\\","<body>\\n\\","<!-- utility2-comment\\n\\","<div id=\"ajaxProgressDiv1\" style=\"background: #d00; height: 2px; left: 0; margin: 0; padding: 0; position: fixed; top: 0; transition: background 0.5s, width 1.5s; width: 25%;\"></div>\\n\\","utility2-comment -->\\n\\","<h1>\\n\\","<!-- utility2-comment\\n\\","    <a\\n\\","        {{#if env.npm_package_homepage}}\\n\\","        href=\"{{env.npm_package_homepage}}\"\\n\\","        {{/if env.npm_package_homepage}}\\n\\","        target=\"_blank\"\\n\\","    >\\n\\","utility2-comment -->\\n\\","        {{env.npm_package_name}} (v{{env.npm_package_version}})\\n\\","<!-- utility2-comment\\n\\","    </a>\\n\\","utility2-comment -->\\n\\","</h1>\\n\\","<h3>{{env.npm_package_description}}</h3>\\n\\","<!-- utility2-comment\\n\\","<h4><a download href=\"assets.app.js\">download standalone app</a></h4>\\n\\","<button class=\"onclick onreset\" id=\"testRunButton1\">run internal test</button><br>\\n\\","<div id=\"testReportDiv1\" style=\"display: none;\"></div>\\n\\","utility2-comment -->\\n\\","\\n\\","\\n\\","\\n\\","<label>stderr and stdout</label>\\n\\","<textarea class=\"resettable\" id=\"outputTextareaStdout1\" readonly></textarea>\\n\\","<!-- utility2-comment\\n\\","{{#if isRollup}}\\n\\","<script src=\"assets.app.js\"></script>\\n\\","{{#unless isRollup}}\\n\\","utility2-comment -->\\n\\","<script src=\"assets.utility2.rollup.js\"></script>\\n\\","<script src=\"jsonp.utility2._stateInit?callback=window.utility2._stateInit\"></script>\\n\\","<script src=\"assets.npmtest_ajv.rollup.js\"></script>\\n\\","<script src=\"assets.example.js\"></script>\\n\\","<script src=\"assets.test.js\"></script>\\n\\","<!-- utility2-comment\\n\\","{{/if isRollup}}\\n\\","utility2-comment -->\\n\\","<div class=\"utility2FooterDiv\">\\n\\","    [ this app was created with\\n\\","    <a href=\"https://github.com/kaizhu256/node-utility2\" target=\"_blank\">utility2</a>\\n\\","    ]\\n\\","</div>\\n\\","</body>\\n\\","</html>\\n\\","';","        /* jslint-ignore-end */","        if (local.templateRender) {","            local.assetsDict['/'] = local.templateRender(","                local.assetsDict['/assets.index.template.html'],","                {","                    env: local.objectSetDefault(local.env, {","                        npm_package_description: 'the greatest app in the world!',","                        npm_package_name: 'my-app',","                        npm_package_nameAlias: 'my_app',","                        npm_package_version: '0.0.1'","                    })","                }","            );","        } else {","            local.assetsDict['/'] = local.assetsDict['/assets.index.template.html']","                .replace((/\\{\\{env\\.(\\w+?)\\}\\}/g), function (match0, match1) {","                    // jslint-hack","                    String(match0);","                    switch (match1) {","                    case 'npm_package_description':","                        return 'the greatest app in the world!';","                    case 'npm_package_name':","                        return 'my-app';","                    case 'npm_package_nameAlias':","                        return 'my_app';","                    case 'npm_package_version':","                        return '0.0.1';","                    }","                });","        }","        // run the cli","        if (local.global.utility2_rollup || module !== require.main) {","            break;","        }","        local.assetsDict['/assets.example.js'] =","            local.assetsDict['/assets.example.js'] ||","            local.fs.readFileSync(__filename, 'utf8');","        // bug-workaround - long $npm_package_buildCustomOrg","        /* jslint-ignore-begin */","        local.assetsDict['/assets.npmtest_ajv.rollup.js'] =","            local.assetsDict['/assets.npmtest_ajv.rollup.js'] ||","            local.fs.readFileSync(","                local.npmtest_ajv.__dirname + '/lib.npmtest_ajv.js',","                'utf8'","            ).replace((/^#!/), '//');","        /* jslint-ignore-end */","        local.assetsDict['/favicon.ico'] = local.assetsDict['/favicon.ico'] || '';","        // if $npm_config_timeout_exit exists,","        // then exit this process after $npm_config_timeout_exit ms","        if (Number(process.env.npm_config_timeout_exit)) {","            setTimeout(process.exit, Number(process.env.npm_config_timeout_exit));","        }","        // start server","        if (local.global.utility2_serverHttp1) {","            break;","        }","        process.env.PORT = process.env.PORT || '8081';","        console.error('server starting on port ' + process.env.PORT);","        local.http.createServer(function (request, response) {","            request.urlParsed = local.url.parse(request.url);","            if (local.assetsDict[request.urlParsed.pathname] !== undefined) {","                response.end(local.assetsDict[request.urlParsed.pathname]);","                return;","            }","            response.statusCode = 404;","            response.end();","        }).listen(process.env.PORT);","        break;","    }","}());",""],"l":{"26":2,"28":2,"33":2,"35":2,"37":2,"38":2,"39":2,"44":1,"51":2,"55":2,"59":2,"61":2,"69":1,"70":2,"76":2,"79":2,"82":2,"83":2,"85":1,"89":2,"92":1,"93":1,"94":1,"96":1,"97":1,"100":1,"101":1,"103":1,"106":1,"108":2,"114":1,"116":1,"118":1,"123":1,"124":2,"125":2,"126":3,"127":3,"128":3,"129":3,"130":1,"133":3,"134":3,"139":3,"143":1,"144":3,"145":1,"149":1,"150":1,"158":1,"160":1,"161":1,"162":1,"164":1,"166":1,"258":1,"259":1,"271":1,"274":6,"275":6,"277":1,"279":2,"281":1,"283":2,"288":1,"289":1,"291":1,"296":1,"303":1,"306":1,"307":1,"310":1,"311":1,"313":1,"314":1,"315":1,"316":1,"317":1,"318":1,"319":1,"321":1,"322":1,"324":1}},"/home/travis/build/npmtest/node-npmtest-ajv/node_modules/ajv/lib/ajv.js":{"path":"/home/travis/build/npmtest/node-npmtest-ajv/node_modules/ajv/lib/ajv.js","s":{"1":1,"2":1,"3":1,"4":1,"5":1,"6":1,"7":1,"8":1,"9":1,"10":1,"11":1,"12":1,"13":1,"14":1,"15":1,"16":1,"17":1,"18":1,"19":1,"20":1,"21":1,"22":1,"23":1,"24":1,"25":1,"26":1,"27":0,"28":0,"29":0,"30":0,"31":0,"32":0,"33":0,"34":0,"35":0,"36":0,"37":0,"38":0,"39":0,"40":0,"41":0,"42":0,"43":0,"44":0,"45":0,"46":0,"47":0,"48":0,"49":0,"50":0,"51":0,"52":0,"53":0,"54":0,"55":0,"56":1,"57":0,"58":0,"59":0,"60":0,"61":0,"62":0,"63":0,"64":0,"65":0,"66":0,"67":0,"68":0,"69":1,"70":0,"71":0,"72":1,"73":0,"74":0,"75":0,"76":0,"77":0,"78":0,"79":0,"80":0,"81":0,"82":0,"83":1,"84":0,"85":1,"86":0,"87":0,"88":0,"89":0,"90":0,"91":0,"92":0,"93":0,"94":0,"95":0,"96":0,"97":0,"98":0,"99":0,"100":0,"101":0,"102":0,"103":0,"104":0,"105":0,"106":1,"107":0,"108":0,"109":0,"110":1,"111":0,"112":0,"113":0,"114":0,"115":0,"116":1,"117":0,"118":0,"119":0,"120":0,"121":0,"122":0,"123":1,"124":0,"125":0,"126":1,"127":0,"128":0,"129":0,"130":0,"131":0,"132":0,"133":0,"134":0,"135":0,"136":0,"137":0,"138":0,"139":0,"140":0,"141":0,"142":0,"143":0,"144":0,"145":0,"146":0,"147":0,"148":0,"149":0,"150":1,"151":0,"152":0,"153":0,"154":0,"155":0,"156":1,"157":0,"158":0,"159":0,"160":0,"161":0,"162":0,"163":0,"164":0,"165":0,"166":0,"167":0,"168":0,"169":0,"170":0,"171":0,"172":0,"173":0,"174":0,"175":0,"176":0,"177":0,"178":0,"179":0,"180":1,"181":0,"182":0,"183":0,"184":0,"185":0,"186":0,"187":0,"188":0,"189":0,"190":0,"191":0,"192":0,"193":0,"194":0,"195":0,"196":0,"197":0,"198":0,"199":0,"200":0,"201":0,"202":0,"203":0,"204":0,"205":1,"206":0,"207":0,"208":0,"209":0,"210":1,"211":0,"212":0,"213":0,"214":0,"215":1,"216":0,"217":0,"218":0,"219":1,"220":0,"221":0,"222":0,"223":1,"224":0,"225":0,"226":0,"227":1,"228":0,"229":0,"230":0,"231":0,"232":0,"233":0,"234":0,"235":0,"236":0,"237":0,"238":0,"239":0,"240":1,"241":0,"242":0,"243":0,"244":1,"245":0,"246":0,"247":0,"248":0,"249":0,"250":0,"251":0,"252":0,"253":0,"254":0,"255":0,"256":1,"257":0,"258":0,"259":0,"260":0,"261":0,"262":0,"263":0,"264":1,"265":0,"266":0,"267":0,"268":1,"269":0,"270":0,"271":1,"272":0,"273":0,"274":0,"275":0},"b":{"1":[0,0],"2":[0,0],"3":[0,0],"4":[0,0],"5":[0,0],"6":[0,0],"7":[0,0],"8":[0,0],"9":[0,0],"10":[0,0],"11":[0,0],"12":[0,0],"13":[0,0],"14":[0,0],"15":[0,0],"16":[0,0],"17":[0,0],"18":[0,0],"19":[0,0],"20":[0,0],"21":[0,0],"22":[0,0,0],"23":[0,0],"24":[0,0],"25":[0,0],"26":[0,0],"27":[0,0],"28":[0,0],"29":[0,0],"30":[0,0],"31":[0,0,0],"32":[0,0],"33":[0,0],"34":[0,0,0],"35":[0,0],"36":[0,0,0],"37":[0,0],"38":[0,0],"39":[0,0],"40":[0,0],"41":[0,0,0],"42":[0,0],"43":[0,0],"44":[0,0],"45":[0,0],"46":[0,0],"47":[0,0],"48":[0,0],"49":[0,0],"50":[0,0],"51":[0,0],"52":[0,0],"53":[0,0],"54":[0,0],"55":[0,0],"56":[0,0],"57":[0,0],"58":[0,0],"59":[0,0],"60":[0,0],"61":[0,0],"62":[0,0,0],"63":[0,0],"64":[0,0],"65":[0,0],"66":[0,0,0],"67":[0,0],"68":[0,0],"69":[0,0],"70":[0,0],"71":[0,0],"72":[0,0],"73":[0,0],"74":[0,0],"75":[0,0],"76":[0,0],"77":[0,0],"78":[0,0],"79":[0,0],"80":[0,0],"81":[0,0]},"f":{"1":0,"2":0,"3":0,"4":0,"5":0,"6":0,"7":0,"8":0,"9":0,"10":0,"11":0,"12":0,"13":0,"14":0,"15":0,"16":0,"17":0,"18":0,"19":0,"20":0,"21":0,"22":0,"23":0,"24":0,"25":0,"26":0,"27":0},"fnMap":{"1":{"name":"Ajv","line":52,"loc":{"start":{"line":52,"column":0},"end":{"line":52,"column":19}}},"2":{"name":"(anonymous_2)","line":60,"loc":{"start":{"line":60,"column":30},"end":{"line":60,"column":45}}},"3":{"name":"validate","line":90,"loc":{"start":{"line":90,"column":0},"end":{"line":90,"column":38}}},"4":{"name":"compile","line":115,"loc":{"start":{"line":115,"column":0},"end":{"line":115,"column":32}}},"5":{"name":"addSchema","line":129,"loc":{"start":{"line":129,"column":0},"end":{"line":129,"column":56}}},"6":{"name":"addMetaSchema","line":151,"loc":{"start":{"line":151,"column":0},"end":{"line":151,"column":52}}},"7":{"name":"validateSchema","line":163,"loc":{"start":{"line":163,"column":0},"end":{"line":163,"column":49}}},"8":{"name":"defaultMeta","line":189,"loc":{"start":{"line":189,"column":0},"end":{"line":189,"column":27}}},"9":{"name":"getSchema","line":206,"loc":{"start":{"line":206,"column":0},"end":{"line":206,"column":27}}},"10":{"name":"_getSchemaFragment","line":216,"loc":{"start":{"line":216,"column":0},"end":{"line":216,"column":39}}},"11":{"name":"_getSchemaObj","line":236,"loc":{"start":{"line":236,"column":0},"end":{"line":236,"column":37}}},"12":{"name":"removeSchema","line":250,"loc":{"start":{"line":250,"column":0},"end":{"line":250,"column":36}}},"13":{"name":"_removeAllSchemas","line":282,"loc":{"start":{"line":282,"column":0},"end":{"line":282,"column":49}}},"14":{"name":"_addSchema","line":294,"loc":{"start":{"line":294,"column":0},"end":{"line":294,"column":67}}},"15":{"name":"_compile","line":332,"loc":{"start":{"line":332,"column":0},"end":{"line":332,"column":35}}},"16":{"name":"callValidate","line":364,"loc":{"start":{"line":364,"column":2},"end":{"line":364,"column":26}}},"17":{"name":"chooseGetId","line":373,"loc":{"start":{"line":373,"column":0},"end":{"line":373,"column":27}}},"18":{"name":"_getId","line":382,"loc":{"start":{"line":382,"column":0},"end":{"line":382,"column":24}}},"19":{"name":"_get$Id","line":388,"loc":{"start":{"line":388,"column":0},"end":{"line":388,"column":25}}},"20":{"name":"_get$IdOrId","line":394,"loc":{"start":{"line":394,"column":0},"end":{"line":394,"column":29}}},"21":{"name":"errorsText","line":408,"loc":{"start":{"line":408,"column":0},"end":{"line":408,"column":37}}},"22":{"name":"addFormat","line":430,"loc":{"start":{"line":430,"column":0},"end":{"line":430,"column":33}}},"23":{"name":"addDraft6MetaSchema","line":436,"loc":{"start":{"line":436,"column":0},"end":{"line":436,"column":35}}},"24":{"name":"addInitialSchemas","line":450,"loc":{"start":{"line":450,"column":0},"end":{"line":450,"column":33}}},"25":{"name":"addInitialFormats","line":458,"loc":{"start":{"line":458,"column":0},"end":{"line":458,"column":33}}},"26":{"name":"checkUnique","line":466,"loc":{"start":{"line":466,"column":0},"end":{"line":466,"column":31}}},"27":{"name":"getMetaSchemaOptions","line":472,"loc":{"start":{"line":472,"column":0},"end":{"line":472,"column":36}}}},"statementMap":{"1":{"start":{"line":3,"column":0},"end":{"line":13,"column":23}},"2":{"start":{"line":15,"column":0},"end":{"line":15,"column":21}},"3":{"start":{"line":17,"column":0},"end":{"line":17,"column":34}},"4":{"start":{"line":18,"column":0},"end":{"line":18,"column":32}},"5":{"start":{"line":19,"column":0},"end":{"line":19,"column":36}},"6":{"start":{"line":20,"column":0},"end":{"line":20,"column":44}},"7":{"start":{"line":21,"column":0},"end":{"line":21,"column":46}},"8":{"start":{"line":22,"column":0},"end":{"line":22,"column":36}},"9":{"start":{"line":23,"column":0},"end":{"line":23,"column":42}},"10":{"start":{"line":24,"column":0},"end":{"line":24,"column":36}},"11":{"start":{"line":25,"column":0},"end":{"line":25,"column":38}},"12":{"start":{"line":27,"column":0},"end":{"line":27,"column":38}},"13":{"start":{"line":28,"column":0},"end":{"line":28,"column":34}},"14":{"start":{"line":30,"column":0},"end":{"line":30,"column":56}},"15":{"start":{"line":31,"column":0},"end":{"line":31,"column":41}},"16":{"start":{"line":32,"column":0},"end":{"line":32,"column":45}},"17":{"start":{"line":33,"column":0},"end":{"line":33,"column":45}},"18":{"start":{"line":34,"column":0},"end":{"line":34,"column":51}},"19":{"start":{"line":36,"column":0},"end":{"line":36,"column":54}},"20":{"start":{"line":37,"column":0},"end":{"line":37,"column":46}},"21":{"start":{"line":38,"column":0},"end":{"line":38,"column":46}},"22":{"start":{"line":39,"column":0},"end":{"line":39,"column":38}},"23":{"start":{"line":41,"column":0},"end":{"line":41,"column":62}},"24":{"start":{"line":43,"column":0},"end":{"line":43,"column":79}},"25":{"start":{"line":44,"column":0},"end":{"line":44,"column":40}},"26":{"start":{"line":52,"column":0},"end":{"line":78,"column":1}},"27":{"start":{"line":53,"column":2},"end":{"line":53,"column":51}},"28":{"start":{"line":53,"column":30},"end":{"line":53,"column":51}},"29":{"start":{"line":54,"column":2},"end":{"line":54,"column":44}},"30":{"start":{"line":55,"column":2},"end":{"line":55,"column":21}},"31":{"start":{"line":56,"column":2},"end":{"line":56,"column":18}},"32":{"start":{"line":57,"column":2},"end":{"line":57,"column":23}},"33":{"start":{"line":58,"column":2},"end":{"line":58,"column":39}},"34":{"start":{"line":59,"column":2},"end":{"line":59,"column":79}},"35":{"start":{"line":60,"column":2},"end":{"line":60,"column":83}},"36":{"start":{"line":60,"column":47},"end":{"line":60,"column":80}},"37":{"start":{"line":62,"column":2},"end":{"line":62,"column":40}},"38":{"start":{"line":63,"column":2},"end":{"line":63,"column":28}},"39":{"start":{"line":64,"column":2},"end":{"line":64,"column":26}},"40":{"start":{"line":65,"column":2},"end":{"line":65,"column":23}},"41":{"start":{"line":66,"column":2},"end":{"line":66,"column":34}},"42":{"start":{"line":68,"column":2},"end":{"line":68,"column":52}},"43":{"start":{"line":69,"column":2},"end":{"line":69,"column":75}},"44":{"start":{"line":69,"column":40},"end":{"line":69,"column":75}},"45":{"start":{"line":70,"column":2},"end":{"line":70,"column":69}},"46":{"start":{"line":70,"column":36},"end":{"line":70,"column":69}},"47":{"start":{"line":71,"column":2},"end":{"line":71,"column":46}},"48":{"start":{"line":73,"column":2},"end":{"line":73,"column":44}},"49":{"start":{"line":73,"column":20},"end":{"line":73,"column":44}},"50":{"start":{"line":74,"column":2},"end":{"line":74,"column":28}},"51":{"start":{"line":75,"column":2},"end":{"line":75,"column":66}},"52":{"start":{"line":75,"column":36},"end":{"line":75,"column":66}},"53":{"start":{"line":76,"column":2},"end":{"line":76,"column":26}},"54":{"start":{"line":77,"column":2},"end":{"line":77,"column":46}},"55":{"start":{"line":77,"column":26},"end":{"line":77,"column":46}},"56":{"start":{"line":90,"column":0},"end":{"line":105,"column":1}},"57":{"start":{"line":91,"column":2},"end":{"line":91,"column":8}},"58":{"start":{"line":92,"column":2},"end":{"line":98,"column":3}},"59":{"start":{"line":93,"column":4},"end":{"line":93,"column":37}},"60":{"start":{"line":94,"column":4},"end":{"line":94,"column":80}},"61":{"start":{"line":94,"column":12},"end":{"line":94,"column":80}},"62":{"start":{"line":96,"column":4},"end":{"line":96,"column":50}},"63":{"start":{"line":97,"column":4},"end":{"line":97,"column":55}},"64":{"start":{"line":100,"column":2},"end":{"line":100,"column":22}},"65":{"start":{"line":101,"column":2},"end":{"line":102,"column":55}},"66":{"start":{"line":102,"column":4},"end":{"line":102,"column":55}},"67":{"start":{"line":103,"column":2},"end":{"line":103,"column":25}},"68":{"start":{"line":104,"column":2},"end":{"line":104,"column":15}},"69":{"start":{"line":115,"column":0},"end":{"line":118,"column":1}},"70":{"start":{"line":116,"column":2},"end":{"line":116,"column":60}},"71":{"start":{"line":117,"column":2},"end":{"line":117,"column":56}},"72":{"start":{"line":129,"column":0},"end":{"line":140,"column":1}},"73":{"start":{"line":130,"column":2},"end":{"line":133,"column":3}},"74":{"start":{"line":131,"column":4},"end":{"line":131,"column":101}},"75":{"start":{"line":131,"column":40},"end":{"line":131,"column":101}},"76":{"start":{"line":132,"column":4},"end":{"line":132,"column":11}},"77":{"start":{"line":134,"column":2},"end":{"line":134,"column":31}},"78":{"start":{"line":135,"column":2},"end":{"line":136,"column":48}},"79":{"start":{"line":136,"column":4},"end":{"line":136,"column":48}},"80":{"start":{"line":137,"column":2},"end":{"line":137,"column":39}},"81":{"start":{"line":138,"column":2},"end":{"line":138,"column":25}},"82":{"start":{"line":139,"column":2},"end":{"line":139,"column":77}},"83":{"start":{"line":151,"column":0},"end":{"line":153,"column":1}},"84":{"start":{"line":152,"column":2},"end":{"line":152,"column":52}},"85":{"start":{"line":163,"column":0},"end":{"line":186,"column":1}},"86":{"start":{"line":164,"column":2},"end":{"line":164,"column":31}},"87":{"start":{"line":165,"column":2},"end":{"line":166,"column":48}},"88":{"start":{"line":166,"column":4},"end":{"line":166,"column":48}},"89":{"start":{"line":167,"column":2},"end":{"line":167,"column":67}},"90":{"start":{"line":168,"column":2},"end":{"line":172,"column":3}},"91":{"start":{"line":169,"column":4},"end":{"line":169,"column":46}},"92":{"start":{"line":170,"column":4},"end":{"line":170,"column":23}},"93":{"start":{"line":171,"column":4},"end":{"line":171,"column":16}},"94":{"start":{"line":173,"column":2},"end":{"line":173,"column":43}},"95":{"start":{"line":174,"column":2},"end":{"line":176,"column":46}},"96":{"start":{"line":177,"column":2},"end":{"line":177,"column":12}},"97":{"start":{"line":178,"column":2},"end":{"line":179,"column":51}},"98":{"start":{"line":178,"column":8},"end":{"line":178,"column":47}},"99":{"start":{"line":179,"column":12},"end":{"line":179,"column":49}},"100":{"start":{"line":180,"column":2},"end":{"line":184,"column":3}},"101":{"start":{"line":181,"column":4},"end":{"line":181,"column":60}},"102":{"start":{"line":182,"column":4},"end":{"line":183,"column":34}},"103":{"start":{"line":182,"column":44},"end":{"line":182,"column":67}},"104":{"start":{"line":183,"column":9},"end":{"line":183,"column":34}},"105":{"start":{"line":185,"column":2},"end":{"line":185,"column":15}},"106":{"start":{"line":189,"column":0},"end":{"line":197,"column":1}},"107":{"start":{"line":190,"column":2},"end":{"line":190,"column":29}},"108":{"start":{"line":191,"column":2},"end":{"line":195,"column":42}},"109":{"start":{"line":196,"column":2},"end":{"line":196,"column":32}},"110":{"start":{"line":206,"column":0},"end":{"line":213,"column":1}},"111":{"start":{"line":207,"column":2},"end":{"line":207,"column":46}},"112":{"start":{"line":208,"column":2},"end":{"line":212,"column":3}},"113":{"start":{"line":209,"column":19},"end":{"line":209,"column":73}},"114":{"start":{"line":210,"column":19},"end":{"line":210,"column":52}},"115":{"start":{"line":211,"column":22},"end":{"line":211,"column":62}},"116":{"start":{"line":216,"column":0},"end":{"line":233,"column":1}},"117":{"start":{"line":217,"column":2},"end":{"line":217,"column":59}},"118":{"start":{"line":218,"column":2},"end":{"line":232,"column":3}},"119":{"start":{"line":219,"column":4},"end":{"line":221,"column":28}},"120":{"start":{"line":222,"column":4},"end":{"line":222,"column":70}},"121":{"start":{"line":223,"column":4},"end":{"line":230,"column":7}},"122":{"start":{"line":231,"column":4},"end":{"line":231,"column":13}},"123":{"start":{"line":236,"column":0},"end":{"line":239,"column":1}},"124":{"start":{"line":237,"column":2},"end":{"line":237,"column":39}},"125":{"start":{"line":238,"column":2},"end":{"line":238,"column":80}},"126":{"start":{"line":250,"column":0},"end":{"line":279,"column":1}},"127":{"start":{"line":251,"column":2},"end":{"line":255,"column":3}},"128":{"start":{"line":252,"column":4},"end":{"line":252,"column":57}},"129":{"start":{"line":253,"column":4},"end":{"line":253,"column":54}},"130":{"start":{"line":254,"column":4},"end":{"line":254,"column":11}},"131":{"start":{"line":256,"column":2},"end":{"line":278,"column":3}},"132":{"start":{"line":258,"column":6},"end":{"line":258,"column":45}},"133":{"start":{"line":259,"column":6},"end":{"line":259,"column":42}},"134":{"start":{"line":260,"column":6},"end":{"line":260,"column":26}},"135":{"start":{"line":261,"column":6},"end":{"line":261,"column":13}},"136":{"start":{"line":263,"column":6},"end":{"line":263,"column":56}},"137":{"start":{"line":264,"column":6},"end":{"line":264,"column":57}},"138":{"start":{"line":264,"column":21},"end":{"line":264,"column":57}},"139":{"start":{"line":265,"column":6},"end":{"line":265,"column":41}},"140":{"start":{"line":266,"column":6},"end":{"line":266,"column":38}},"141":{"start":{"line":267,"column":6},"end":{"line":267,"column":13}},"142":{"start":{"line":269,"column":6},"end":{"line":269,"column":43}},"143":{"start":{"line":270,"column":6},"end":{"line":270,"column":72}},"144":{"start":{"line":271,"column":6},"end":{"line":271,"column":32}},"145":{"start":{"line":272,"column":6},"end":{"line":272,"column":41}},"146":{"start":{"line":273,"column":6},"end":{"line":277,"column":7}},"147":{"start":{"line":274,"column":8},"end":{"line":274,"column":37}},"148":{"start":{"line":275,"column":8},"end":{"line":275,"column":33}},"149":{"start":{"line":276,"column":8},"end":{"line":276,"column":30}},"150":{"start":{"line":282,"column":0},"end":{"line":290,"column":1}},"151":{"start":{"line":283,"column":2},"end":{"line":289,"column":3}},"152":{"start":{"line":284,"column":4},"end":{"line":284,"column":36}},"153":{"start":{"line":285,"column":4},"end":{"line":288,"column":5}},"154":{"start":{"line":286,"column":6},"end":{"line":286,"column":42}},"155":{"start":{"line":287,"column":6},"end":{"line":287,"column":29}},"156":{"start":{"line":294,"column":0},"end":{"line":328,"column":1}},"157":{"start":{"line":295,"column":2},"end":{"line":296,"column":58}},"158":{"start":{"line":296,"column":4},"end":{"line":296,"column":58}},"159":{"start":{"line":297,"column":2},"end":{"line":297,"column":39}},"160":{"start":{"line":298,"column":2},"end":{"line":298,"column":56}},"161":{"start":{"line":299,"column":2},"end":{"line":299,"column":41}},"162":{"start":{"line":300,"column":2},"end":{"line":300,"column":28}},"163":{"start":{"line":300,"column":14},"end":{"line":300,"column":28}},"164":{"start":{"line":302,"column":2},"end":{"line":302,"column":74}},"165":{"start":{"line":304,"column":2},"end":{"line":304,"column":52}},"166":{"start":{"line":305,"column":2},"end":{"line":305,"column":51}},"167":{"start":{"line":305,"column":29},"end":{"line":305,"column":51}},"168":{"start":{"line":307,"column":2},"end":{"line":307,"column":76}},"169":{"start":{"line":308,"column":2},"end":{"line":308,"column":20}},"170":{"start":{"line":309,"column":2},"end":{"line":310,"column":38}},"171":{"start":{"line":310,"column":4},"end":{"line":310,"column":38}},"172":{"start":{"line":312,"column":2},"end":{"line":312,"column":49}},"173":{"start":{"line":314,"column":2},"end":{"line":320,"column":5}},"174":{"start":{"line":322,"column":2},"end":{"line":322,"column":66}},"175":{"start":{"line":322,"column":39},"end":{"line":322,"column":66}},"176":{"start":{"line":323,"column":2},"end":{"line":323,"column":39}},"177":{"start":{"line":325,"column":2},"end":{"line":325,"column":71}},"178":{"start":{"line":325,"column":37},"end":{"line":325,"column":71}},"179":{"start":{"line":327,"column":2},"end":{"line":327,"column":19}},"180":{"start":{"line":332,"column":0},"end":{"line":370,"column":1}},"181":{"start":{"line":333,"column":2},"end":{"line":341,"column":3}},"182":{"start":{"line":334,"column":4},"end":{"line":334,"column":38}},"183":{"start":{"line":335,"column":4},"end":{"line":335,"column":43}},"184":{"start":{"line":336,"column":4},"end":{"line":336,"column":31}},"185":{"start":{"line":337,"column":4},"end":{"line":337,"column":51}},"186":{"start":{"line":338,"column":4},"end":{"line":339,"column":33}},"187":{"start":{"line":339,"column":6},"end":{"line":339,"column":33}},"188":{"start":{"line":340,"column":4},"end":{"line":340,"column":24}},"189":{"start":{"line":342,"column":2},"end":{"line":342,"column":29}},"190":{"start":{"line":344,"column":2},"end":{"line":344,"column":18}},"191":{"start":{"line":345,"column":2},"end":{"line":348,"column":3}},"192":{"start":{"line":346,"column":4},"end":{"line":346,"column":29}},"193":{"start":{"line":347,"column":4},"end":{"line":347,"column":32}},"194":{"start":{"line":350,"column":2},"end":{"line":350,"column":8}},"195":{"start":{"line":351,"column":2},"end":{"line":355,"column":3}},"196":{"start":{"line":351,"column":8},"end":{"line":351,"column":82}},"197":{"start":{"line":353,"column":4},"end":{"line":353,"column":32}},"198":{"start":{"line":354,"column":4},"end":{"line":354,"column":49}},"199":{"start":{"line":354,"column":24},"end":{"line":354,"column":49}},"200":{"start":{"line":357,"column":2},"end":{"line":357,"column":25}},"201":{"start":{"line":358,"column":2},"end":{"line":358,"column":26}},"202":{"start":{"line":359,"column":2},"end":{"line":359,"column":30}},"203":{"start":{"line":360,"column":2},"end":{"line":360,"column":26}},"204":{"start":{"line":361,"column":2},"end":{"line":361,"column":11}},"205":{"start":{"line":364,"column":2},"end":{"line":369,"column":3}},"206":{"start":{"line":365,"column":4},"end":{"line":365,"column":39}},"207":{"start":{"line":366,"column":4},"end":{"line":366,"column":50}},"208":{"start":{"line":367,"column":4},"end":{"line":367,"column":43}},"209":{"start":{"line":368,"column":4},"end":{"line":368,"column":18}},"210":{"start":{"line":373,"column":0},"end":{"line":379,"column":1}},"211":{"start":{"line":374,"column":2},"end":{"line":378,"column":3}},"212":{"start":{"line":375,"column":16},"end":{"line":375,"column":31}},"213":{"start":{"line":376,"column":15},"end":{"line":376,"column":29}},"214":{"start":{"line":377,"column":13},"end":{"line":377,"column":32}},"215":{"start":{"line":382,"column":0},"end":{"line":385,"column":1}},"216":{"start":{"line":383,"column":2},"end":{"line":383,"column":65}},"217":{"start":{"line":383,"column":18},"end":{"line":383,"column":65}},"218":{"start":{"line":384,"column":2},"end":{"line":384,"column":19}},"219":{"start":{"line":388,"column":0},"end":{"line":391,"column":1}},"220":{"start":{"line":389,"column":2},"end":{"line":389,"column":62}},"221":{"start":{"line":389,"column":17},"end":{"line":389,"column":62}},"222":{"start":{"line":390,"column":2},"end":{"line":390,"column":20}},"223":{"start":{"line":394,"column":0},"end":{"line":398,"column":1}},"224":{"start":{"line":395,"column":2},"end":{"line":396,"column":55}},"225":{"start":{"line":396,"column":4},"end":{"line":396,"column":55}},"226":{"start":{"line":397,"column":2},"end":{"line":397,"column":33}},"227":{"start":{"line":408,"column":0},"end":{"line":421,"column":1}},"228":{"start":{"line":409,"column":2},"end":{"line":409,"column":33}},"229":{"start":{"line":410,"column":2},"end":{"line":410,"column":34}},"230":{"start":{"line":410,"column":15},"end":{"line":410,"column":34}},"231":{"start":{"line":411,"column":2},"end":{"line":411,"column":26}},"232":{"start":{"line":412,"column":2},"end":{"line":412,"column":77}},"233":{"start":{"line":413,"column":2},"end":{"line":413,"column":73}},"234":{"start":{"line":415,"column":2},"end":{"line":415,"column":16}},"235":{"start":{"line":416,"column":2},"end":{"line":419,"column":3}},"236":{"start":{"line":417,"column":4},"end":{"line":417,"column":22}},"237":{"start":{"line":418,"column":4},"end":{"line":418,"column":70}},"238":{"start":{"line":418,"column":11},"end":{"line":418,"column":70}},"239":{"start":{"line":420,"column":2},"end":{"line":420,"column":42}},"240":{"start":{"line":430,"column":0},"end":{"line":433,"column":1}},"241":{"start":{"line":431,"column":2},"end":{"line":431,"column":61}},"242":{"start":{"line":431,"column":33},"end":{"line":431,"column":61}},"243":{"start":{"line":432,"column":2},"end":{"line":432,"column":31}},"244":{"start":{"line":436,"column":0},"end":{"line":447,"column":1}},"245":{"start":{"line":437,"column":2},"end":{"line":437,"column":18}},"246":{"start":{"line":438,"column":2},"end":{"line":441,"column":3}},"247":{"start":{"line":439,"column":4},"end":{"line":439,"column":47}},"248":{"start":{"line":440,"column":4},"end":{"line":440,"column":59}},"249":{"start":{"line":442,"column":2},"end":{"line":442,"column":40}},"250":{"start":{"line":442,"column":33},"end":{"line":442,"column":40}},"251":{"start":{"line":443,"column":2},"end":{"line":443,"column":63}},"252":{"start":{"line":444,"column":2},"end":{"line":444,"column":84}},"253":{"start":{"line":444,"column":24},"end":{"line":444,"column":84}},"254":{"start":{"line":445,"column":2},"end":{"line":445,"column":55}},"255":{"start":{"line":446,"column":2},"end":{"line":446,"column":63}},"256":{"start":{"line":450,"column":0},"end":{"line":455,"column":1}},"257":{"start":{"line":451,"column":2},"end":{"line":451,"column":39}},"258":{"start":{"line":452,"column":2},"end":{"line":452,"column":27}},"259":{"start":{"line":452,"column":20},"end":{"line":452,"column":27}},"260":{"start":{"line":453,"column":2},"end":{"line":454,"column":74}},"261":{"start":{"line":453,"column":34},"end":{"line":453,"column":62}},"262":{"start":{"line":454,"column":7},"end":{"line":454,"column":74}},"263":{"start":{"line":454,"column":36},"end":{"line":454,"column":74}},"264":{"start":{"line":458,"column":0},"end":{"line":463,"column":1}},"265":{"start":{"line":459,"column":2},"end":{"line":462,"column":3}},"266":{"start":{"line":460,"column":4},"end":{"line":460,"column":42}},"267":{"start":{"line":461,"column":4},"end":{"line":461,"column":33}},"268":{"start":{"line":466,"column":0},"end":{"line":469,"column":1}},"269":{"start":{"line":467,"column":2},"end":{"line":468,"column":73}},"270":{"start":{"line":468,"column":4},"end":{"line":468,"column":73}},"271":{"start":{"line":472,"column":0},"end":{"line":477,"column":1}},"272":{"start":{"line":473,"column":2},"end":{"line":473,"column":39}},"273":{"start":{"line":474,"column":2},"end":{"line":475,"column":44}},"274":{"start":{"line":475,"column":4},"end":{"line":475,"column":44}},"275":{"start":{"line":476,"column":2},"end":{"line":476,"column":18}}},"branchMap":{"1":{"line":53,"type":"if","locations":[{"start":{"line":53,"column":2},"end":{"line":53,"column":2}},{"start":{"line":53,"column":2},"end":{"line":53,"column":2}}]},"2":{"line":54,"type":"binary-expr","locations":[{"start":{"line":54,"column":22},"end":{"line":54,"column":37}},{"start":{"line":54,"column":41},"end":{"line":54,"column":43}}]},"3":{"line":62,"type":"binary-expr","locations":[{"start":{"line":62,"column":16},"end":{"line":62,"column":26}},{"start":{"line":62,"column":30},"end":{"line":62,"column":39}}]},"4":{"line":68,"type":"binary-expr","locations":[{"start":{"line":68,"column":22},"end":{"line":68,"column":39}},{"start":{"line":68,"column":43},"end":{"line":68,"column":51}}]},"5":{"line":69,"type":"if","locations":[{"start":{"line":69,"column":2},"end":{"line":69,"column":2}},{"start":{"line":69,"column":2},"end":{"line":69,"column":2}}]},"6":{"line":70,"type":"if","locations":[{"start":{"line":70,"column":2},"end":{"line":70,"column":2}},{"start":{"line":70,"column":2},"end":{"line":70,"column":2}}]},"7":{"line":73,"type":"if","locations":[{"start":{"line":73,"column":2},"end":{"line":73,"column":2}},{"start":{"line":73,"column":2},"end":{"line":73,"column":2}}]},"8":{"line":75,"type":"if","locations":[{"start":{"line":75,"column":2},"end":{"line":75,"column":2}},{"start":{"line":75,"column":2},"end":{"line":75,"column":2}}]},"9":{"line":77,"type":"if","locations":[{"start":{"line":77,"column":2},"end":{"line":77,"column":2}},{"start":{"line":77,"column":2},"end":{"line":77,"column":2}}]},"10":{"line":92,"type":"if","locations":[{"start":{"line":92,"column":2},"end":{"line":92,"column":2}},{"start":{"line":92,"column":2},"end":{"line":92,"column":2}}]},"11":{"line":94,"type":"if","locations":[{"start":{"line":94,"column":4},"end":{"line":94,"column":4}},{"start":{"line":94,"column":4},"end":{"line":94,"column":4}}]},"12":{"line":97,"type":"binary-expr","locations":[{"start":{"line":97,"column":8},"end":{"line":97,"column":26}},{"start":{"line":97,"column":30},"end":{"line":97,"column":54}}]},"13":{"line":101,"type":"if","locations":[{"start":{"line":101,"column":2},"end":{"line":101,"column":2}},{"start":{"line":101,"column":2},"end":{"line":101,"column":2}}]},"14":{"line":102,"type":"cond-expr","locations":[{"start":{"line":102,"column":37},"end":{"line":102,"column":46}},{"start":{"line":102,"column":49},"end":{"line":102,"column":54}}]},"15":{"line":117,"type":"binary-expr","locations":[{"start":{"line":117,"column":9},"end":{"line":117,"column":27}},{"start":{"line":117,"column":31},"end":{"line":117,"column":55}}]},"16":{"line":130,"type":"if","locations":[{"start":{"line":130,"column":2},"end":{"line":130,"column":2}},{"start":{"line":130,"column":2},"end":{"line":130,"column":2}}]},"17":{"line":135,"type":"if","locations":[{"start":{"line":135,"column":2},"end":{"line":135,"column":2}},{"start":{"line":135,"column":2},"end":{"line":135,"column":2}}]},"18":{"line":135,"type":"binary-expr","locations":[{"start":{"line":135,"column":6},"end":{"line":135,"column":22}},{"start":{"line":135,"column":26},"end":{"line":135,"column":47}}]},"19":{"line":137,"type":"binary-expr","locations":[{"start":{"line":137,"column":28},"end":{"line":137,"column":31}},{"start":{"line":137,"column":35},"end":{"line":137,"column":37}}]},"20":{"line":165,"type":"if","locations":[{"start":{"line":165,"column":2},"end":{"line":165,"column":2}},{"start":{"line":165,"column":2},"end":{"line":165,"column":2}}]},"21":{"line":165,"type":"binary-expr","locations":[{"start":{"line":165,"column":6},"end":{"line":165,"column":27}},{"start":{"line":165,"column":31},"end":{"line":165,"column":57}}]},"22":{"line":167,"type":"binary-expr","locations":[{"start":{"line":167,"column":12},"end":{"line":167,"column":19}},{"start":{"line":167,"column":23},"end":{"line":167,"column":45}},{"start":{"line":167,"column":49},"end":{"line":167,"column":66}}]},"23":{"line":168,"type":"if","locations":[{"start":{"line":168,"column":2},"end":{"line":168,"column":2}},{"start":{"line":168,"column":2},"end":{"line":168,"column":2}}]},"24":{"line":174,"type":"cond-expr","locations":[{"start":{"line":175,"column":24},"end":{"line":175,"column":49}},{"start":{"line":176,"column":24},"end":{"line":176,"column":45}}]},"25":{"line":180,"type":"if","locations":[{"start":{"line":180,"column":2},"end":{"line":180,"column":2}},{"start":{"line":180,"column":2},"end":{"line":180,"column":2}}]},"26":{"l
[...]
\' ';","      }","      if (it.opts.verbose) {","        out += ' , schema: validate.schema' + ($schemaPath) + ' , parentSchema: validate.schema' + (it.schemaPath) + ' , data: ' + ($data) + ' ';","      }","      out += ' } ';","    } else {","      out += ' {} ';","    }","    var __err = out;","    out = $$outStack.pop();","    if (!it.compositeRule && $breakOnError) { /* istanbul ignore if */","      if (it.async) {","        out += ' throw new ValidationError([' + (__err) + ']); ';","      } else {","        out += ' validate.errors = [' + (__err) + ']; return false; ';","      }","    } else {","      out += ' var err = ' + (__err) + ';  if (vErrors === null) vErrors = [err]; else vErrors.push(err); errors++; ';","    }","    var def_customError = out;","    out = $$outStack.pop();","    if ($inline) {","      if ($rDef.errors) {","        if ($rDef.errors != 'full') {","          out += '  for (var ' + ($i) + '=' + ($errs) + '; ' + ($i) + '<errors; ' + ($i) + '++) { var ' + ($ruleErr) + ' = vErrors[' + ($i) + ']; if (' + ($ruleErr) + '.dataPath === undefined) ' + ($ruleErr) + '.dataPath = (dataPath || \\'\\') + ' + (it.errorPath) + '; if (' + ($ruleErr) + '.schemaPath === undefined) { ' + ($ruleErr) + '.schemaPath = \"' + ($errSchemaPath) + '\"; } ';","          if (it.opts.verbose) {","            out += ' ' + ($ruleErr) + '.schema = ' + ($schemaValue) + '; ' + ($ruleErr) + '.data = ' + ($data) + '; ';","          }","          out += ' } ';","        }","      } else {","        if ($rDef.errors === false) {","          out += ' ' + (def_customError) + ' ';","        } else {","          out += ' if (' + ($errs) + ' == errors) { ' + (def_customError) + ' } else {  for (var ' + ($i) + '=' + ($errs) + '; ' + ($i) + '<errors; ' + ($i) + '++) { var ' + ($ruleErr) + ' = vErrors[' + ($i) + ']; if (' + ($ruleErr) + '.dataPath === undefined) ' + ($ruleErr) + '.dataPath = (dataPath || \\'\\') + ' + (it.errorPath) + '; if (' + ($ruleErr) + '.schemaPath === undefined) { ' + ($ruleErr) + '.schemaPath = \"' + ($errSchemaPath) + '\"; } ';","          if (it.opts.verbose) {","            out += ' ' + ($ruleErr) + '.schema = ' + ($schemaValue) + '; ' + ($ruleErr) + '.data = ' + ($data) + '; ';","          }","          out += ' } } ';","        }","      }","    } else if ($macro) {","      out += '   var err =   '; /* istanbul ignore else */","      if (it.createErrors !== false) {","        out += ' { keyword: \\'' + ($errorKeyword || 'custom') + '\\' , dataPath: (dataPath || \\'\\') + ' + (it.errorPath) + ' , schemaPath: ' + (it.util.toQuotedString($errSchemaPath)) + ' , params: { keyword: \\'' + ($rule.keyword) + '\\' } ';","        if (it.opts.messages !== false) {","          out += ' , message: \\'should pass \"' + ($rule.keyword) + '\" keyword validation\\' ';","        }","        if (it.opts.verbose) {","          out += ' , schema: validate.schema' + ($schemaPath) + ' , parentSchema: validate.schema' + (it.schemaPath) + ' , data: ' + ($data) + ' ';","        }","        out += ' } ';","      } else {","        out += ' {} ';","      }","      out += ';  if (vErrors === null) vErrors = [err]; else vErrors.push(err); errors++; ';","      if (!it.compositeRule && $breakOnError) { /* istanbul ignore if */","        if (it.async) {","          out += ' throw new ValidationError(vErrors); ';","        } else {","          out += ' validate.errors = vErrors; return false; ';","        }","      }","    } else {","      if ($rDef.errors === false) {","        out += ' ' + (def_customError) + ' ';","      } else {","        out += ' if (Array.isArray(' + ($ruleErrs) + ')) { if (vErrors === null) vErrors = ' + ($ruleErrs) + '; else vErrors = vErrors.concat(' + ($ruleErrs) + '); errors = vErrors.length;  for (var ' + ($i) + '=' + ($errs) + '; ' + ($i) + '<errors; ' + ($i) + '++) { var ' + ($ruleErr) + ' = vErrors[' + ($i) + ']; if (' + ($ruleErr) + '.dataPath === undefined) ' + ($ruleErr) + '.dataPath = (dataPath || \\'\\') + ' + (it.errorPath) + ';  ' + ($ruleErr) + '.schemaPath = \"' + ($errSchemaPath) + '\";  ';","        if (it.opts.verbose) {","          out += ' ' + ($ruleErr) + '.schema = ' + ($schemaValue) + '; ' + ($ruleErr) + '.data = ' + ($data) + '; ';","        }","        out += ' } } else { ' + (def_customError) + ' } ';","      }","    }","    out += ' } ';","    if ($breakOnError) {","      out += ' else { ';","    }","  }","  return out;","}",""],"l":{"2":1,"3":0,"4":0,"5":0,"6":0,"7":0,"8":0,"9":0,"10":0,"11":0,"12":0,"13":0,"14":0,"16":0,"17":0,"18":0,"20":0,"22":0,"26":0,"27":0,"28":0,"29":0,"30":0,"32":0,"33":0,"34":0,"35":0,"36":0,"37":0,"38":0,"40":0,"44":0,"45":0,"46":0,"48":0,"49":0,"50":0,"51":0,"52":0,"53":0,"54":0,"57":0,"58":0,"59":0,"61":0,"63":0,"64":0,"65":0,"66":0,"67":0,"68":0,"69":0,"70":0,"71":0,"72":0,"73":0,"74":0,"76":0,"77":0,"78":0,"79":0,"80":0,"81":0,"83":0,"85":0,"86":0,"88":0,"90":0,"91":0,"92":0,"94":0,"96":0,"97":0,"98":0,"99":0,"100":0,"101":0,"102":0,"104":0,"106":0,"107":0,"108":0,"110":0,"114":0,"115":0,"117":0,"118":0,"119":0,"120":0,"123":0,"124":0,"125":0,"126":0,"127":0,"129":0,"132":0,"134":0,"135":0,"136":0,"137":0,"138":0,"139":0,"140":0,"141":0,"142":0,"143":0,"144":0,"145":0,"147":0,"148":0,"150":0,"152":1,"154":0,"155":0,"156":0,"157":0,"158":1,"160":0,"163":0,"165":0,"166":0,"167":0,"168":0,"169":0,"170":0,"171":0,"172":0,"174":0,"177":0,"178":0,"180":0,"181":0,"182":0,"184":0,"187":0,"188":0,"189":0,"190":0,"191":0,"192":0,"194":0,"195":0,"197":0,"199":1,"201":0,"202":0,"203":0,"204":1,"206":0,"210":0,"211":0,"213":0,"214":0,"215":0,"217":0,"220":0,"221":0,"222":0,"225":0}},"/home/travis/build/npmtest/node-npmtest-ajv/node_modules/ajv/scripts/bundle.js":{"path":"/home/travis/build/npmtest/node-npmtest-ajv/node_modules/ajv/scripts/bundle.js","s":{"1":2,"2":0,"3":0,"4":0,"5":0,"6":0,"7":0,"8":0,"9":0,"10":0,"11":0,"12":0,"13":0,"14":0,"15":0,"16":0,"17":0,"18":0,"19":0,"20":0,"21":0,"22":0,"23":0,"24":0,"25":0,"26":0,"27":0,"28":0,"29":0,"30":0,"31":0,"32":0,"33":0},"b":{"1":[0,0],"2":[0,0],"3":[0,0],"4":[0,0],"5":[0,0],"6":[0,0],"7":[0,0],"8":[0,0],"9":[0,0]},"f":{"1":0},"fnMap":{"1":{"name":"(anonymous_1)","line":25,"loc":{"start":{"line":25,"column":8},"end":{"line":25,"column":28}}}},"statementMap":{"1":{"start":{"line":3,"column":0},"end":{"line":6,"column":34}},"2":{"start":{"line":8,"column":0},"end":{"line":10,"column":31}},"3":{"start":{"line":12,"column":0},"end":{"line":12,"column":44}},"4":{"start":{"line":13,"column":0},"end":{"line":13,"column":72}},"5":{"start":{"line":13,"column":16},"end":{"line":13,"column":72}},"6":{"start":{"line":15,"column":0},"end":{"line":15,"column":58}},"7":{"start":{"line":17,"column":0},"end":{"line":17,"column":49}},"8":{"start":{"line":18,"column":0},"end":{"line":18,"column":51}},"9":{"start":{"line":18,"column":29},"end":{"line":18,"column":51}},"10":{"start":{"line":20,"column":0},"end":{"line":20,"column":15}},"11":{"start":{"line":21,"column":0},"end":{"line":21,"column":46}},"12":{"start":{"line":21,"column":16},"end":{"line":21,"column":46}},"13":{"start":{"line":23,"column":0},"end":{"line":54,"column":3}},"14":{"start":{"line":26,"column":2},"end":{"line":29,"column":3}},"15":{"start":{"line":27,"column":4},"end":{"line":27,"column":44}},"16":{"start":{"line":28,"column":4},"end":{"line":28,"column":20}},"17":{"start":{"line":31,"column":2},"end":{"line":31,"column":49}},"18":{"start":{"line":32,"column":2},"end":{"line":32,"column":47}},"19":{"start":{"line":33,"column":2},"end":{"line":33,"column":38}},"20":{"start":{"line":34,"column":2},"end":{"line":40,"column":4}},"21":{"start":{"line":41,"column":2},"end":{"line":47,"column":3}},"22":{"start":{"line":42,"column":4},"end":{"line":42,"column":43}},"23":{"start":{"line":43,"column":4},"end":{"line":46,"column":5}},"24":{"start":{"line":44,"column":6},"end":{"line":44,"column":44}},"25":{"start":{"line":45,"column":6},"end":{"line":45,"column":75}},"26":{"start":{"line":48,"column":2},"end":{"line":48,"column":70}},"27":{"start":{"line":48,"column":18},"end":{"line":48,"column":70}},"28":{"start":{"line":50,"column":2},"end":{"line":50,"column":55}},"29":{"start":{"line":51,"column":2},"end":{"line":51,"column":56}},"30":{"start":{"line":52,"column":2},"end":{"line":52,"column":75}},"31":{"start":{"line":52,"column":18},"end":{"line":52,"column":75}},"32":{"start":{"line":53,"column":2},"end":{"line":53,"column":47}},"33":{"start":{"line":53,"column":19},"end":{"line":53,"column":47}}},"branchMap":{"1":{"line":13,"type":"if","locations":[{"start":{"line":13,"column":0},"end":{"line":13,"column":0}},{"start":{"line":13,"column":0},"end":{"line":13,"column":0}}]},"2":{"line":18,"type":"if","locations":[{"start":{"line":18,"column":0},"end":{"line":18,"column":0}},{"start":{"line":18,"column":0},"end":{"line":18,"column":0}}]},"3":{"line":21,"type":"if","locations":[{"start":{"line":21,"column":0},"end":{"line":21,"column":0}},{"start":{"line":21,"column":0},"end":{"line":21,"column":0}}]},"4":{"line":26,"type":"if","locations":[{"start":{"line":26,"column":2},"end":{"line":26,"column":2}},{"start":{"line":26,"column":2},"end":{"line":26,"column":2}}]},"5":{"line":41,"type":"if","locations":[{"start":{"line":41,"column":2},"end":{"line":41,"column":2}},{"start":{"line":41,"column":2},"end":{"line":41,"column":2}}]},"6":{"line":45,"type":"binary-expr","locations":[{"start":{"line":45,"column":37},"end":{"line":45,"column":52}},{"start":{"line":45,"column":56},"end":{"line":45,"column":74}}]},"7":{"line":48,"type":"if","locations":[{"start":{"line":48,"column":2},"end":{"line":48,"column":2}},{"start":{"line":48,"column":2},"end":{"line":48,"column":2}}]},"8":{"line":52,"type":"if","locations":[{"start":{"line":52,"column":2},"end":{"line":52,"column":2}},{"start":{"line":52,"column":2},"end":{"line":52,"column":2}}]},"9":{"line":53,"type":"if","locations":[{"start":{"line":53,"column":2},"end":{"line":53,"column":2}},{"start":{"line":53,"column":2},"end":{"line":53,"column":2}}]}},"code":["'use strict';","","var fs = require('fs')","  , path = require('path')","  , browserify = require('browserify')","  , uglify = require('uglify-js');","","var pkg = process.argv[2]","  , standalone = process.argv[3]","  , compress = process.argv[4];","","var packageDir = path.join(__dirname, '..');","if (pkg != '.') packageDir = path.join(packageDir, 'node_modules', pkg);","","var json = require(path.join(packageDir, 'package.json'));","","var distDir = path.join(__dirname, '..', 'dist');","if (!fs.existsSync(distDir)) fs.mkdirSync(distDir);","","var bOpts = {};","if (standalone) bOpts.standalone = standalone;","","browserify(bOpts)",".require(path.join(packageDir, json.main), {expose: json.name})",".bundle(function (err, buf) {","  if (err) {","    console.error('browserify error:', err);","    process.exit(1);","  }","","  var outputFile = path.join(distDir, json.name);","  var outputBundle = outputFile + '.bundle.js';","  fs.writeFileSync(outputBundle, buf);","  var uglifyOpts = {","    warnings: true,","    compress: {},","    output: {","      preamble: '/* ' + json.name + ' ' + json.version + ': ' + json.description + ' */'","    }","  };","  if (compress) {","    var compressOpts = compress.split(',');","    for (var i=0; i<compressOpts.length; ++i) {","      var pair = compressOpts[i].split('=');","      uglifyOpts.compress[pair[0]] = pair.length < 1 || pair[1] != 'false';","    }","  }","  if (standalone) uglifyOpts.outSourceMap = json.name + '.min.js.map';","","  var result = uglify.minify(outputBundle, uglifyOpts);","  fs.writeFileSync(outputFile + '.min.js', result.code);","  if (result.map) fs.writeFileSync(outputFile + '.min.js.map', result.map);","  if (!standalone) fs.unlinkSync(outputBundle);","});",""],"l":{"3":2,"8":0,"12":0,"13":0,"15":0,"17":0,"18":0,"20":0,"21":0,"23":0,"26":0,"27":0,"28":0,"31":0,"32":0,"33":0,"34":0,"41":0,"42":0,"43":0,"44":0,"45":0,"48":0,"50":0,"51":0,"52":0,"53":0}},"/home/travis/build/npmtest/node-npmtest-ajv/node_modules/ajv/scripts/compile-dots.js":{"path":"/home/travis/build/npmtest/node-npmtest-ajv/node_modules/ajv/scripts/compile-dots.js","s":{"1":2,"2":0,"3":0,"4":0,"5":0,"6":0,"7":0,"8":0,"9":0,"10":0,"11":0,"12":0,"13":0,"14":0,"15":0,"16":0,"17":0,"18":0,"19":0,"20":0,"21":0,"22":0,"23":0,"24":0,"25":0,"26":0,"27":0,"28":0,"29":0,"30":0,"31":0,"32":1,"33":0,"34":0,"35":0,"36":0,"37":0,"38":0,"39":1,"40":0,"41":0,"42":0,"43":0,"44":1,"45":0},"b":{"1":[0,0],"2":[0,0],"3":[0,0],"4":[0,0],"5":[0,0]},"f":{"1":0,"2":0,"3":0,"4":0,"5":0},"fnMap":{"1":{"name":"(anonymous_1)","line":14,"loc":{"start":{"line":14,"column":17},"end":{"line":14,"column":30}}},"2":{"name":"(anonymous_2)","line":38,"loc":{"start":{"line":38,"column":14},"end":{"line":38,"column":27}}},"3":{"name":"removeUnusedVar","line":54,"loc":{"start":{"line":54,"column":2},"end":{"line":54,"column":30}}},"4":{"name":"removeAlwaysFalsyInOr","line":64,"loc":{"start":{"line":64,"column":2},"end":{"line":64,"column":35}}},"5":{"name":"occurrences","line":70,"loc":{"start":{"line":70,"column":2},"end":{"line":70,"column":31}}}},"statementMap":{"1":{"start":{"line":4,"column":0},"end":{"line":8,"column":50}},"2":{"start":{"line":10,"column":0},"end":{"line":10,"column":69}},"3":{"start":{"line":12,"column":0},"end":{"line":12,"column":14}},"4":{"start":{"line":13,"column":0},"end":{"line":13,"column":66}},"5":{"start":{"line":14,"column":0},"end":{"line":17,"column":3}},"6":{"start":{"line":15,"column":2},"end":{"line":15,"column":38}},"7":{"start":{"line":16,"column":2},"end":{"line":16,"column":59}},"8":{"start":{"line":19,"column":0},"end":{"line":19,"column":70}},"9":{"start":{"line":20,"column":0},"end":{"line":20,"column":64}},"10":{"start":{"line":22,"column":0},"end":{"line":22,"column":52}},"11":{"start":{"line":23,"column":0},"end":{"line":23,"column":44}},"12":{"start":{"line":23,"column":6},"end":{"line":23,"column":30}},"13":{"start":{"line":25,"column":0},"end":{"line":25,"column":30}},"14":{"start":{"line":27,"column":0},"end":{"line":27,"column":61}},"15":{"start":{"line":28,"column":0},"end":{"line":28,"column":45}},"16":{"start":{"line":29,"column":0},"end":{"line":29,"column":39}},"17":{"start":{"line":30,"column":0},"end":{"line":30,"column":38}},"18":{"start":{"line":31,"column":0},"end":{"line":31,"column":48}},"19":{"start":{"line":32,"column":0},"end":{"line":36,"column":2}},"20":{"start":{"line":38,"column":0},"end":{"line":73,"column":3}},"21":{"start":{"line":39,"column":2},"end":{"line":39,"column":41}},"22":{"start":{"line":40,"column":2},"end":{"line":40,"column":57}},"23":{"start":{"line":41,"column":2},"end":{"line":41,"column":62}},"24":{"start":{"line":42,"column":2},"end":{"line":42,"column":41}},"25":{"start":{"line":43,"column":2},"end":{"line":46,"column":44}},"26":{"start":{"line":47,"column":2},"end":{"line":47,"column":26}},"27":{"start":{"line":48,"column":2},"end":{"line":48,"column":32}},"28":{"start":{"line":49,"column":2},"end":{"line":49,"column":51}},"29":{"start":{"line":50,"column":2},"end":{"line":50,"column":51}},"30":{"start":{"line":51,"column":2},"end":{"line":51,"column":37}},"31":{"start":{"line":52,"column":2},"end":{"line":52,"column":35}},"32":{"start":{"line":54,"column":2},"end":{"line":62,"column":3}},"33":{"start":{"line":55,"column":4},"end":{"line":55,"column":33}},"34":{"start":{"line":56,"column":4},"end":{"line":56,"column":55}},"35":{"start":{"line":57,"column":4},"end":{"line":57,"column":36}},"36":{"start":{"line":58,"column":4},"end":{"line":61,"column":5}},"37":{"start":{"line":59,"column":6},"end":{"line":59,"column":75}},"38":{"start":{"line":60,"column":6},"end":{"line":60,"column":38}},"39":{"start":{"line":64,"column":2},"end":{"line":68,"column":3}},"40":{"start":{"line":65,"column":4},"end":{"line":65,"column":47}},"41":{"start":{"line":66,"column":4},"end":{"line":66,"column":48}},"42":{"start":{"line":67,"column":4},"end":{"line":67,"column":76}},"43":{"start":{"line":67,"column":34},"end":{"line":67,"column":76}},"44":{"start":{"line":70,"column":2},"end":{"line":72,"column":3}},"45":{"start":{"line":71,"column":4},"end":{"line":71,"column":45}}},"branchMap":{"1":{"line":10,"type":"binary-expr","locations":[{"start":{"line":10,"column":19},"end":{"line":10,"column":34}},{"start":{"line":10,"column":38},"end":{"line":10,"column":68}}]},"2":{"line":19,"type":"binary-expr","locations":[{"start":{"line":19,"column":20},"end":{"line":19,"column":35}},{"start":{"line":19,"column":39},"end":{"line":19,"column":69}}]},"3":{"line":58,"type":"if","locations":[{"start":{"line":58,"column":4},"end":{"line":58,"column":4}},{"start":{"line":58,"column":4},"end":{"line":58,"column":4}}]},"4":{"line":67,"type":"if","locations":[{"start":{"line":67,"column":4},"end":{"line":67,"column":4}},{"start":{"line":67,"column":4},"end":{"line":67,"column":4}}]},"5":{"line":71,"type":"binary-expr","locations":[{"start":{"line":71,"column":12},"end":{"line":71,"column":30}},{"start":{"line":71,"column":34},"end":{"line":71,"column":36}}]}},"code":["//compile doT templates to js functions","'use strict';","","var glob = require('glob')","  , fs = require('fs')","  , path = require('path')","  , doT = require('dot')","  , beautify = require('js-beautify').js_beautify;","","var defsRootPath = process.argv[2] || path.join(__dirname, '../lib');","","var defs = {};","var defFiles = glob.sync('./dot/**/*.def', { cwd: defsRootPath });","defFiles.forEach(function (f) {","  var name = path.basename(f, '.def');","  defs[name] = fs.readFileSync(path.join(defsRootPath, f));","});","","var filesRootPath = process.argv[3] || path.join(__dirname, '../lib');","var files = glob.sync('./dot/**/*.jst', { cwd: filesRootPath });","","var dotjsPath = path.join(filesRootPath, './dotjs');","try { fs.mkdirSync(dotjsPath); } catch(e) {}","","console.log('\\n\\nCompiling:');","","var FUNCTION_NAME = /function\\s+anonymous\\s*\\(it[^)]*\\)\\s*{/;","var OUT_EMPTY_STRING = /out\\s*\\+=\\s*'\\s*';/g;","var ISTANBUL = /\\'(istanbul[^']+)\\';/g;","var ERROR_KEYWORD = /\\$errorKeyword/g;","var ERROR_KEYWORD_OR = /\\$errorKeyword\\s+\\|\\|/g;","var VARS = [","  '$errs', '$valid', '$lvl', '$data', '$dataLvl',","  '$errorKeyword', '$closingBraces', '$schemaPath',","  '$validate'","];","","files.forEach(function (f) {","  var keyword = path.basename(f, '.jst');","  var targetPath = path.join(dotjsPath, keyword + '.js');","  var template = fs.readFileSync(path.join(filesRootPath, f));","  var code = doT.compile(template, defs);","  code = code.toString()","             .replace(OUT_EMPTY_STRING, '')","             .replace(FUNCTION_NAME, 'function generate_' + keyword + '(it, $keyword, $ruleType) {')","             .replace(ISTANBUL, '/* $1 */');","  removeAlwaysFalsyInOr();","  VARS.forEach(removeUnusedVar);","  code = \"'use strict';\\nmodule.exports = \" + code;","  code = beautify(code, { indent_size: 2 }) + '\\n';","  fs.writeFileSync(targetPath, code);","  console.log('compiled', keyword);","","  function removeUnusedVar(v) {","    v = v.replace(/\\$/g, '\\\\$$');","    var regexp = new RegExp(v + '[^A-Za-z0-9_$]', 'g');","    var count = occurrences(regexp);","    if (count == 1) {","      regexp = new RegExp('var\\\\s+' + v + '\\\\s*=[^;]+;|var\\\\s+' + v + ';');","      code = code.replace(regexp, '');","    }","  }","","  function removeAlwaysFalsyInOr() {","    var countUsed = occurrences(ERROR_KEYWORD);","    var countOr = occurrences(ERROR_KEYWORD_OR);","    if (countUsed == countOr + 1) code = code.replace(ERROR_KEYWORD_OR, '');","  }","","  function occurrences(regexp) {","    return (code.match(regexp) || []).length;","  }","});",""],"l":{"4":2,"10":0,"12":0,"13":0,"14":0,"15":0,"16":0,"19":0,"20":0,"22":0,"23":0,"25":0,"27":0,"28":0,"29":0,"30":0,"31":0,"32":0,"38":0,"39":0,"40":0,"41":0,"42":0,"43":0,"47":0,"48":0,"49":0,"50":0,"51":0,"52":0,"54":1,"55":0,"56":0,"57":0,"58":0,"59":0,"60":0,"64":1,"65":0,"66":0,"67":0,"70":1,"71":0}}}